生成启动时间为 2016/1/11 13:43:28。
     1>项目“D:\CodeBase\IisuVR\ORB_SLAM_vs2010_x86\g2oX86Vs10\g2o\types\slam3d\types_slam3d.vcxproj”在节点 5 上(build 个目标)。
     1>InitializeBuildStatus:
         正在创建“types_slam3d.dir\Debug\types_slam3d.unsuccessfulbuild”，因为已指定“AlwaysCreate”。
       CustomBuild:
         Building Custom Rule D:/CodeBase/IisuVR/ORB_SLAM_vs2010_x86/g2o/g2o/types/slam3d/CMakeLists.txt
         CMake does not need to re-run because D:\CodeBase\IisuVR\ORB_SLAM_vs2010_x86\g2oX86Vs10\g2o\types\slam3d\CMakeFiles\generate.stamp is up-to-date.
       MakeDirsForCl:
         正在创建目录“D:\CodeBase\IisuVR\ORB_SLAM_vs2010_x86\g2oX86Vs10\g2o\types\slam3d\Debug”。
       ClCompile:
         C:\Program Files (x86)\Microsoft Visual Studio 10.0\VC\bin\CL.exe /c /ID:\CodeBase\IisuVR\ORB_SLAM_vs2010_x86\g2o /IC:\Tools\Eigen\include /ID:\CodeBase\IisuVR\ORB_SLAM_vs2010_x86\g2oX86Vs10 /Zi /nologo /W3 /WX- /Od /Ob2 /Oy- /D WIN32 /D _WINDOWS /D _DEBUG /D WINDOWS /D NOMINMAX /D _USE_MATH_DEFINES /D _CRT_SECURE_NO_WARNINGS=1 /D "CMAKE_INTDIR=\"Debug\"" /D types_slam3d_EXPORTS /D _WINDLL /D _MBCS /Gm- /EHsc /RTC1 /MDd /GS /arch:SSE2 /fp:precise /Zc:wchar_t /Zc:forScope /GR /Fo"types_slam3d.dir\Debug\\" /Fd"types_slam3d.dir\Debug\vc100.pdb" /Gd /TP /wd4251 /wd4244 /wd4267 /wd4522 /analyze- /errorReport:prompt ..\..\..\..\g2o\g2o\types\slam3d\dquat2mat.cpp ..\..\..\..\g2o\g2o\types\slam3d\isometry3d_mappings.cpp ..\..\..\..\g2o\g2o\types\slam3d\isometry3d_gradients.cpp ..\..\..\..\g2o\g2o\types\slam3d\vertex_se3.cpp ..\..\..\..\g2o\g2o\types\slam3d\parameter_se3_offset.cpp ..\..\..\..\g2o\g2o\types\slam3d\edge_se3.cpp ..\..\..\..\g2o\g2o\types\slam3d\edge_se3_offset.cpp ..\..\..\..\g2o\g2o\types\slam3d\vertex_pointxyz.cpp ..\..\..\..\g2o\g2o\types\slam3d\parameter_camera.cpp ..\..\..\..\g2o\g2o\types\slam3d\parameter_stereo_camera.cpp ..\..\..\..\g2o\g2o\types\slam3d\edge_se3_pointxyz.cpp ..\..\..\..\g2o\g2o\types\slam3d\edge_se3_pointxyz_disparity.cpp ..\..\..\..\g2o\g2o\types\slam3d\edge_se3_pointxyz_depth.cpp ..\..\..\..\g2o\g2o\types\slam3d\edge_se3_prior.cpp ..\..\..\..\g2o\g2o\types\slam3d\edge_se3_lotsofxyz.cpp ..\..\..\..\g2o\g2o\types\slam3d\edge_pointxyz.cpp ..\..\..\..\g2o\g2o\types\slam3d\types_slam3d.cpp
         dquat2mat.cpp
         isometry3d_mappings.cpp
         isometry3d_gradients.cpp
         vertex_se3.cpp
         parameter_se3_offset.cpp
         edge_se3.cpp
         edge_se3_offset.cpp
         vertex_pointxyz.cpp
         parameter_camera.cpp
         parameter_stereo_camera.cpp
         edge_se3_pointxyz.cpp
         edge_se3_pointxyz_disparity.cpp
         edge_se3_pointxyz_depth.cpp
         edge_se3_prior.cpp
         edge_se3_lotsofxyz.cpp
         edge_pointxyz.cpp
         types_slam3d.cpp
         正在生成代码...
       ManifestResourceCompile:
         C:\Program Files (x86)\Microsoft SDKs\Windows\v7.0A\bin\rc.exe /nologo /fo"types_slam3d.dir\Debug\g2o_types_slam3d_d.dll.embed.manifest.res" types_slam3d.dir\Debug\g2o_types_slam3d_d_manifest.rc 
       Link:
         C:\Program Files (x86)\Microsoft Visual Studio 10.0\VC\bin\link.exe /ERRORREPORT:PROMPT /OUT:"D:\CodeBase\IisuVR\ORB_SLAM_vs2010_x86\g2o\bin\Debug\g2o_types_slam3d_d.dll" /INCREMENTAL /NOLOGO kernel32.lib user32.lib gdi32.lib winspool.lib shell32.lib ole32.lib oleaut32.lib uuid.lib comdlg32.lib advapi32.lib D:\CodeBase\IisuVR\ORB_SLAM_vs2010_x86\g2o\bin\Debug\g2o_core_d.lib D:\CodeBase\IisuVR\ORB_SLAM_vs2010_x86\g2o\bin\Debug\g2o_opengl_helper_d.lib opengl32.lib D:\CodeBase\IisuVR\ORB_SLAM_vs2010_x86\g2o\bin\Debug\g2o_stuff_d.lib glu32.lib opengl32.lib /MANIFEST /ManifestFile:"types_slam3d.dir\Debug\g2o_types_slam3d_d.dll.intermediate.manifest" /MANIFESTUAC:"level='asInvoker' uiAccess='false'" /DEBUG /PDB:"D:/CodeBase/IisuVR/ORB_SLAM_vs2010_x86/g2o/bin/Debug/g2o_types_slam3d_d.pdb" /SUBSYSTEM:CONSOLE /TLBID:1 /DYNAMICBASE /NXCOMPAT /IMPLIB:"D:/CodeBase/IisuVR/ORB_SLAM_vs2010_x86/g2o/bin/Debug/g2o_types_slam3d_d.lib" /MACHINE:X86 /DLL types_slam3d.dir\Debug\g2o_types_slam3d_d.dll.embed.manifest.res
         types_slam3d.dir\Debug\dquat2mat.obj
         types_slam3d.dir\Debug\isometry3d_mappings.obj
         types_slam3d.dir\Debug\isometry3d_gradients.obj
         types_slam3d.dir\Debug\vertex_se3.obj
         types_slam3d.dir\Debug\parameter_se3_offset.obj
         types_slam3d.dir\Debug\edge_se3.obj
         types_slam3d.dir\Debug\edge_se3_offset.obj
         types_slam3d.dir\Debug\vertex_pointxyz.obj
         types_slam3d.dir\Debug\parameter_camera.obj
         types_slam3d.dir\Debug\parameter_stereo_camera.obj
         types_slam3d.dir\Debug\edge_se3_pointxyz.obj
         types_slam3d.dir\Debug\edge_se3_pointxyz_disparity.obj
         types_slam3d.dir\Debug\edge_se3_pointxyz_depth.obj
         types_slam3d.dir\Debug\edge_se3_prior.obj
         types_slam3d.dir\Debug\edge_se3_lotsofxyz.obj
         types_slam3d.dir\Debug\edge_pointxyz.obj
         types_slam3d.dir\Debug\types_slam3d.obj  /machine:X86 /debug 
            正在创建库 D:/CodeBase/IisuVR/ORB_SLAM_vs2010_x86/g2o/bin/Debug/g2o_types_slam3d_d.lib 和对象 D:/CodeBase/IisuVR/ORB_SLAM_vs2010_x86/g2o/bin/Debug/g2o_types_slam3d_d.exp
       Manifest:
         C:\Program Files (x86)\Microsoft SDKs\Windows\v7.0A\bin\mt.exe /nologo /verbose /out:"types_slam3d.dir\Debug\g2o_types_slam3d_d.dll.embed.manifest" /manifest types_slam3d.dir\Debug\g2o_types_slam3d_d.dll.intermediate.manifest
         C:\Program Files (x86)\Microsoft SDKs\Windows\v7.0A\bin\rc.exe /nologo /fo"types_slam3d.dir\Debug\g2o_types_slam3d_d.dll.embed.manifest.res" types_slam3d.dir\Debug\g2o_types_slam3d_d_manifest.rc 
       LinkEmbedManifest:
         C:\Program Files (x86)\Microsoft Visual Studio 10.0\VC\bin\link.exe /ERRORREPORT:PROMPT /OUT:"D:\CodeBase\IisuVR\ORB_SLAM_vs2010_x86\g2o\bin\Debug\g2o_types_slam3d_d.dll" /INCREMENTAL /NOLOGO kernel32.lib user32.lib gdi32.lib winspool.lib shell32.lib ole32.lib oleaut32.lib uuid.lib comdlg32.lib advapi32.lib D:\CodeBase\IisuVR\ORB_SLAM_vs2010_x86\g2o\bin\Debug\g2o_core_d.lib D:\CodeBase\IisuVR\ORB_SLAM_vs2010_x86\g2o\bin\Debug\g2o_opengl_helper_d.lib opengl32.lib D:\CodeBase\IisuVR\ORB_SLAM_vs2010_x86\g2o\bin\Debug\g2o_stuff_d.lib glu32.lib opengl32.lib /MANIFEST /ManifestFile:"types_slam3d.dir\Debug\g2o_types_slam3d_d.dll.intermediate.manifest" /MANIFESTUAC:"level='asInvoker' uiAccess='false'" /DEBUG /PDB:"D:/CodeBase/IisuVR/ORB_SLAM_vs2010_x86/g2o/bin/Debug/g2o_types_slam3d_d.pdb" /SUBSYSTEM:CONSOLE /TLBID:1 /DYNAMICBASE /NXCOMPAT /IMPLIB:"D:/CodeBase/IisuVR/ORB_SLAM_vs2010_x86/g2o/bin/Debug/g2o_types_slam3d_d.lib" /MACHINE:X86 /DLL types_slam3d.dir\Debug\g2o_types_slam3d_d.dll.embed.manifest.res
         types_slam3d.dir\Debug\dquat2mat.obj
         types_slam3d.dir\Debug\isometry3d_mappings.obj
         types_slam3d.dir\Debug\isometry3d_gradients.obj
         types_slam3d.dir\Debug\vertex_se3.obj
         types_slam3d.dir\Debug\parameter_se3_offset.obj
         types_slam3d.dir\Debug\edge_se3.obj
         types_slam3d.dir\Debug\edge_se3_offset.obj
         types_slam3d.dir\Debug\vertex_pointxyz.obj
         types_slam3d.dir\Debug\parameter_camera.obj
         types_slam3d.dir\Debug\parameter_stereo_camera.obj
         types_slam3d.dir\Debug\edge_se3_pointxyz.obj
         types_slam3d.dir\Debug\edge_se3_pointxyz_disparity.obj
         types_slam3d.dir\Debug\edge_se3_pointxyz_depth.obj
         types_slam3d.dir\Debug\edge_se3_prior.obj
         types_slam3d.dir\Debug\edge_se3_lotsofxyz.obj
         types_slam3d.dir\Debug\edge_pointxyz.obj
         types_slam3d.dir\Debug\types_slam3d.obj  /machine:X86 /debug 
            正在创建库 D:/CodeBase/IisuVR/ORB_SLAM_vs2010_x86/g2o/bin/Debug/g2o_types_slam3d_d.lib 和对象 D:/CodeBase/IisuVR/ORB_SLAM_vs2010_x86/g2o/bin/Debug/g2o_types_slam3d_d.exp
         types_slam3d.vcxproj -> D:\CodeBase\IisuVR\ORB_SLAM_vs2010_x86\g2o\bin\Debug\g2o_types_slam3d_d.dll
       FinalizeBuildStatus:
         正在删除文件“types_slam3d.dir\Debug\types_slam3d.unsuccessfulbuild”。
         正在对“types_slam3d.dir\Debug\types_slam3d.lastbuildstate”执行 Touch 任务。
     1>已完成生成项目“D:\CodeBase\IisuVR\ORB_SLAM_vs2010_x86\g2oX86Vs10\g2o\types\slam3d\types_slam3d.vcxproj”(build 个目标)的操作。

生成成功。

已用时间 01:10:31.37
