生成启动时间为 2016/1/11 13:38:35。
     1>项目“D:\CodeBase\IisuVR\ORB_SLAM_vs2010_x86\g2oX86Vs10\g2o\stuff\stuff.vcxproj”在节点 2 上(build 个目标)。
     1>PrepareForBuild:
         正在创建目录“D:\CodeBase\IisuVR\ORB_SLAM_vs2010_x86\g2o\bin\Debug\”。
       InitializeBuildStatus:
         正在创建“stuff.dir\Debug\stuff.unsuccessfulbuild”，因为已指定“AlwaysCreate”。
       CustomBuild:
         Building Custom Rule D:/CodeBase/IisuVR/ORB_SLAM_vs2010_x86/g2o/g2o/stuff/CMakeLists.txt
         CMake does not need to re-run because D:\CodeBase\IisuVR\ORB_SLAM_vs2010_x86\g2oX86Vs10\g2o\stuff\CMakeFiles\generate.stamp is up-to-date.
       MakeDirsForCl:
         正在创建目录“D:\CodeBase\IisuVR\ORB_SLAM_vs2010_x86\g2oX86Vs10\g2o\stuff\Debug”。
       ClCompile:
         C:\Program Files (x86)\Microsoft Visual Studio 10.0\VC\bin\CL.exe /c /ID:\CodeBase\IisuVR\ORB_SLAM_vs2010_x86\g2o /IC:\Tools\Eigen\include /ID:\CodeBase\IisuVR\ORB_SLAM_vs2010_x86\g2oX86Vs10 /Zi /nologo /W3 /WX- /Od /Ob2 /Oy- /D WIN32 /D _WINDOWS /D _DEBUG /D WINDOWS /D NOMINMAX /D _USE_MATH_DEFINES /D _CRT_SECURE_NO_WARNINGS=1 /D "CMAKE_INTDIR=\"Debug\"" /D stuff_EXPORTS /D _WINDLL /D _MBCS /Gm- /EHsc /RTC1 /MDd /GS /arch:SSE2 /fp:precise /Zc:wchar_t /Zc:forScope /GR /Fo"stuff.dir\Debug\\" /Fd"stuff.dir\Debug\vc100.pdb" /Gd /TP /wd4251 /wd4244 /wd4267 /wd4522 /analyze- /errorReport:prompt ..\..\..\g2o\g2o\stuff\timeutil.cpp ..\..\..\g2o\g2o\stuff\command_args.cpp ..\..\..\g2o\g2o\stuff\sparse_helper.cpp ..\..\..\g2o\g2o\stuff\filesys_tools.cpp ..\..\..\g2o\g2o\stuff\string_tools.cpp ..\..\..\g2o\g2o\stuff\property.cpp ..\..\..\g2o\g2o\stuff\sampler.cpp ..\..\..\g2o\g2o\stuff\tictoc.cpp
         timeutil.cpp
         command_args.cpp
         sparse_helper.cpp
         filesys_tools.cpp
         string_tools.cpp
         property.cpp
         sampler.cpp
         tictoc.cpp
         正在生成代码...
         C:\Program Files (x86)\Microsoft Visual Studio 10.0\VC\bin\CL.exe /c /ID:\CodeBase\IisuVR\ORB_SLAM_vs2010_x86\g2o /IC:\Tools\Eigen\include /ID:\CodeBase\IisuVR\ORB_SLAM_vs2010_x86\g2oX86Vs10 /Zi /nologo /W3 /WX- /Od /Ob2 /Oy- /D WIN32 /D _WINDOWS /D _DEBUG /D WINDOWS /D NOMINMAX /D _USE_MATH_DEFINES /D _CRT_SECURE_NO_WARNINGS=1 /D "CMAKE_INTDIR=\"Debug\"" /D stuff_EXPORTS /D _WINDLL /D _MBCS /Gm- /EHsc /RTC1 /MDd /GS /arch:SSE2 /fp:precise /Zc:wchar_t /Zc:forScope /GR /Fo"stuff.dir\Debug\\" /Fd"stuff.dir\Debug\vc100.pdb" /Gd /TC /wd4251 /wd4244 /wd4267 /wd4522 /analyze- /errorReport:prompt ..\..\..\g2o\g2o\stuff\os_specific.c
         os_specific.c
       ManifestResourceCompile:
         C:\Program Files (x86)\Microsoft SDKs\Windows\v7.0A\bin\rc.exe /nologo /fo"stuff.dir\Debug\g2o_stuff_d.dll.embed.manifest.res" stuff.dir\Debug\g2o_stuff_d_manifest.rc 
       Link:
         C:\Program Files (x86)\Microsoft Visual Studio 10.0\VC\bin\link.exe /ERRORREPORT:PROMPT /OUT:"D:\CodeBase\IisuVR\ORB_SLAM_vs2010_x86\g2o\bin\Debug\g2o_stuff_d.dll" /INCREMENTAL /NOLOGO kernel32.lib user32.lib gdi32.lib winspool.lib shell32.lib ole32.lib oleaut32.lib uuid.lib comdlg32.lib advapi32.lib /MANIFEST /ManifestFile:"stuff.dir\Debug\g2o_stuff_d.dll.intermediate.manifest" /MANIFESTUAC:"level='asInvoker' uiAccess='false'" /DEBUG /PDB:"D:/CodeBase/IisuVR/ORB_SLAM_vs2010_x86/g2o/bin/Debug/g2o_stuff_d.pdb" /SUBSYSTEM:CONSOLE /TLBID:1 /DYNAMICBASE /NXCOMPAT /IMPLIB:"D:/CodeBase/IisuVR/ORB_SLAM_vs2010_x86/g2o/bin/Debug/g2o_stuff_d.lib" /MACHINE:X86 /DLL stuff.dir\Debug\g2o_stuff_d.dll.embed.manifest.res
         stuff.dir\Debug\timeutil.obj
         stuff.dir\Debug\command_args.obj
         stuff.dir\Debug\sparse_helper.obj
         stuff.dir\Debug\os_specific.obj
         stuff.dir\Debug\filesys_tools.obj
         stuff.dir\Debug\string_tools.obj
         stuff.dir\Debug\property.obj
         stuff.dir\Debug\sampler.obj
         stuff.dir\Debug\tictoc.obj  /machine:X86 /debug 
            正在创建库 D:/CodeBase/IisuVR/ORB_SLAM_vs2010_x86/g2o/bin/Debug/g2o_stuff_d.lib 和对象 D:/CodeBase/IisuVR/ORB_SLAM_vs2010_x86/g2o/bin/Debug/g2o_stuff_d.exp
       Manifest:
         C:\Program Files (x86)\Microsoft SDKs\Windows\v7.0A\bin\mt.exe /nologo /verbose /out:"stuff.dir\Debug\g2o_stuff_d.dll.embed.manifest" /manifest stuff.dir\Debug\g2o_stuff_d.dll.intermediate.manifest
         C:\Program Files (x86)\Microsoft SDKs\Windows\v7.0A\bin\rc.exe /nologo /fo"stuff.dir\Debug\g2o_stuff_d.dll.embed.manifest.res" stuff.dir\Debug\g2o_stuff_d_manifest.rc 
       LinkEmbedManifest:
         C:\Program Files (x86)\Microsoft Visual Studio 10.0\VC\bin\link.exe /ERRORREPORT:PROMPT /OUT:"D:\CodeBase\IisuVR\ORB_SLAM_vs2010_x86\g2o\bin\Debug\g2o_stuff_d.dll" /INCREMENTAL /NOLOGO kernel32.lib user32.lib gdi32.lib winspool.lib shell32.lib ole32.lib oleaut32.lib uuid.lib comdlg32.lib advapi32.lib /MANIFEST /ManifestFile:"stuff.dir\Debug\g2o_stuff_d.dll.intermediate.manifest" /MANIFESTUAC:"level='asInvoker' uiAccess='false'" /DEBUG /PDB:"D:/CodeBase/IisuVR/ORB_SLAM_vs2010_x86/g2o/bin/Debug/g2o_stuff_d.pdb" /SUBSYSTEM:CONSOLE /TLBID:1 /DYNAMICBASE /NXCOMPAT /IMPLIB:"D:/CodeBase/IisuVR/ORB_SLAM_vs2010_x86/g2o/bin/Debug/g2o_stuff_d.lib" /MACHINE:X86 /DLL stuff.dir\Debug\g2o_stuff_d.dll.embed.manifest.res
         stuff.dir\Debug\timeutil.obj
         stuff.dir\Debug\command_args.obj
         stuff.dir\Debug\sparse_helper.obj
         stuff.dir\Debug\os_specific.obj
         stuff.dir\Debug\filesys_tools.obj
         stuff.dir\Debug\string_tools.obj
         stuff.dir\Debug\property.obj
         stuff.dir\Debug\sampler.obj
         stuff.dir\Debug\tictoc.obj  /machine:X86 /debug 
            正在创建库 D:/CodeBase/IisuVR/ORB_SLAM_vs2010_x86/g2o/bin/Debug/g2o_stuff_d.lib 和对象 D:/CodeBase/IisuVR/ORB_SLAM_vs2010_x86/g2o/bin/Debug/g2o_stuff_d.exp
         stuff.vcxproj -> D:\CodeBase\IisuVR\ORB_SLAM_vs2010_x86\g2o\bin\Debug\g2o_stuff_d.dll
       FinalizeBuildStatus:
         正在删除文件“stuff.dir\Debug\stuff.unsuccessfulbuild”。
         正在对“stuff.dir\Debug\stuff.lastbuildstate”执行 Touch 任务。
     1>已完成生成项目“D:\CodeBase\IisuVR\ORB_SLAM_vs2010_x86\g2oX86Vs10\g2o\stuff\stuff.vcxproj”(build 个目标)的操作。

生成成功。

已用时间 00:01:45.05
