生成启动时间为 2016/1/11 16:33:34。
     1>项目“D:\CodeBase\IisuVR\ORB_SLAM_vs2010_x86\g2oX86Vs10\g2o\stuff\stuff.vcxproj”在节点 2 上(build 个目标)。
     1>InitializeBuildStatus:
         正在创建“stuff.dir\Release\stuff.unsuccessfulbuild”，因为已指定“AlwaysCreate”。
       CustomBuild:
         Building Custom Rule D:/CodeBase/IisuVR/ORB_SLAM_vs2010_x86/g2o/g2o/stuff/CMakeLists.txt
         CMake does not need to re-run because D:\CodeBase\IisuVR\ORB_SLAM_vs2010_x86\g2oX86Vs10\g2o\stuff\CMakeFiles\generate.stamp is up-to-date.
       MakeDirsForCl:
         正在创建目录“D:\CodeBase\IisuVR\ORB_SLAM_vs2010_x86\g2oX86Vs10\g2o\stuff\Release”。
       ClCompile:
         C:\Program Files (x86)\Microsoft Visual Studio 10.0\VC\bin\CL.exe /c /ID:\CodeBase\IisuVR\ORB_SLAM_vs2010_x86\g2o /IC:\Tools\Eigen\include /ID:\CodeBase\IisuVR\ORB_SLAM_vs2010_x86\g2oX86Vs10 /nologo /W3 /WX- /O2 /Ob2 /Oy- /D WIN32 /D _WINDOWS /D NDEBUG /D WINDOWS /D NOMINMAX /D _USE_MATH_DEFINES /D _CRT_SECURE_NO_WARNINGS=1 /D "CMAKE_INTDIR=\"Release\"" /D stuff_EXPORTS /D _WINDLL /D _MBCS /Gm- /EHsc /MD /GS /arch:SSE2 /fp:precise /Zc:wchar_t /Zc:forScope /GR /Fo"stuff.dir\Release\\" /Fd"stuff.dir\Release\vc100.pdb" /Gd /TP /wd4251 /wd4244 /wd4267 /wd4522 /analyze- /errorReport:prompt ..\..\..\g2o\g2o\stuff\timeutil.cpp ..\..\..\g2o\g2o\stuff\command_args.cpp ..\..\..\g2o\g2o\stuff\sparse_helper.cpp ..\..\..\g2o\g2o\stuff\filesys_tools.cpp ..\..\..\g2o\g2o\stuff\string_tools.cpp ..\..\..\g2o\g2o\stuff\property.cpp ..\..\..\g2o\g2o\stuff\sampler.cpp ..\..\..\g2o\g2o\stuff\tictoc.cpp
         timeutil.cpp
         command_args.cpp
         sparse_helper.cpp
         filesys_tools.cpp
         string_tools.cpp
         property.cpp
         sampler.cpp
         tictoc.cpp
         正在生成代码...
         C:\Program Files (x86)\Microsoft Visual Studio 10.0\VC\bin\CL.exe /c /ID:\CodeBase\IisuVR\ORB_SLAM_vs2010_x86\g2o /IC:\Tools\Eigen\include /ID:\CodeBase\IisuVR\ORB_SLAM_vs2010_x86\g2oX86Vs10 /nologo /W3 /WX- /O2 /Ob2 /Oy- /D WIN32 /D _WINDOWS /D NDEBUG /D WINDOWS /D NOMINMAX /D _USE_MATH_DEFINES /D _CRT_SECURE_NO_WARNINGS=1 /D "CMAKE_INTDIR=\"Release\"" /D stuff_EXPORTS /D _WINDLL /D _MBCS /Gm- /EHsc /MD /GS /arch:SSE2 /fp:precise /Zc:wchar_t /Zc:forScope /GR /Fo"stuff.dir\Release\\" /Fd"stuff.dir\Release\vc100.pdb" /Gd /TC /wd4251 /wd4244 /wd4267 /wd4522 /analyze- /errorReport:prompt ..\..\..\g2o\g2o\stuff\os_specific.c
         os_specific.c
       Link:
         C:\Program Files (x86)\Microsoft Visual Studio 10.0\VC\bin\link.exe /ERRORREPORT:PROMPT /OUT:"D:\CodeBase\IisuVR\ORB_SLAM_vs2010_x86\g2o\bin\Release\g2o_stuff.dll" /INCREMENTAL:NO /NOLOGO kernel32.lib user32.lib gdi32.lib winspool.lib shell32.lib ole32.lib oleaut32.lib uuid.lib comdlg32.lib advapi32.lib /MANIFEST /ManifestFile:"stuff.dir\Release\g2o_stuff.dll.intermediate.manifest" /MANIFESTUAC:"level='asInvoker' uiAccess='false'" /PDB:"D:/CodeBase/IisuVR/ORB_SLAM_vs2010_x86/g2o/bin/Release/g2o_stuff.pdb" /SUBSYSTEM:CONSOLE /TLBID:1 /DYNAMICBASE /NXCOMPAT /IMPLIB:"D:/CodeBase/IisuVR/ORB_SLAM_vs2010_x86/g2o/bin/Release/g2o_stuff.lib" /MACHINE:X86 /DLL stuff.dir\Release\timeutil.obj
         stuff.dir\Release\command_args.obj
         stuff.dir\Release\sparse_helper.obj
         stuff.dir\Release\os_specific.obj
         stuff.dir\Release\filesys_tools.obj
         stuff.dir\Release\string_tools.obj
         stuff.dir\Release\property.obj
         stuff.dir\Release\sampler.obj
         stuff.dir\Release\tictoc.obj  /machine:X86 
            正在创建库 D:/CodeBase/IisuVR/ORB_SLAM_vs2010_x86/g2o/bin/Release/g2o_stuff.lib 和对象 D:/CodeBase/IisuVR/ORB_SLAM_vs2010_x86/g2o/bin/Release/g2o_stuff.exp
         stuff.vcxproj -> D:\CodeBase\IisuVR\ORB_SLAM_vs2010_x86\g2o\bin\Release\g2o_stuff.dll
       Manifest:
         C:\Program Files (x86)\Microsoft SDKs\Windows\v7.0A\bin\mt.exe /nologo /verbose /outputresource:"D:\CodeBase\IisuVR\ORB_SLAM_vs2010_x86\g2o\bin\Release\g2o_stuff.dll;#2" /manifest stuff.dir\Release\g2o_stuff.dll.intermediate.manifest
       FinalizeBuildStatus:
         正在删除文件“stuff.dir\Release\stuff.unsuccessfulbuild”。
         正在对“stuff.dir\Release\stuff.lastbuildstate”执行 Touch 任务。
     1>已完成生成项目“D:\CodeBase\IisuVR\ORB_SLAM_vs2010_x86\g2oX86Vs10\g2o\stuff\stuff.vcxproj”(build 个目标)的操作。

生成成功。

已用时间 00:01:03.90
