生成启动时间为 2016/1/11 15:13:25。
     1>项目“D:\CodeBase\IisuVR\ORB_SLAM_vs2010_x86\g2oX86Vs10\g2o\types\data\types_data.vcxproj”在节点 5 上(build 个目标)。
     1>InitializeBuildStatus:
         正在创建“types_data.dir\Debug\types_data.unsuccessfulbuild”，因为已指定“AlwaysCreate”。
       CustomBuild:
         Building Custom Rule D:/CodeBase/IisuVR/ORB_SLAM_vs2010_x86/g2o/g2o/types/data/CMakeLists.txt
         CMake does not need to re-run because D:\CodeBase\IisuVR\ORB_SLAM_vs2010_x86\g2oX86Vs10\g2o\types\data\CMakeFiles\generate.stamp is up-to-date.
       MakeDirsForCl:
         正在创建目录“D:\CodeBase\IisuVR\ORB_SLAM_vs2010_x86\g2oX86Vs10\g2o\types\data\Debug”。
       ClCompile:
         C:\Program Files (x86)\Microsoft Visual Studio 10.0\VC\bin\CL.exe /c /ID:\CodeBase\IisuVR\ORB_SLAM_vs2010_x86\g2o /IC:\Tools\Eigen\include /ID:\CodeBase\IisuVR\ORB_SLAM_vs2010_x86\g2oX86Vs10 /Zi /nologo /W3 /WX- /Od /Ob2 /Oy- /D WIN32 /D _WINDOWS /D _DEBUG /D WINDOWS /D NOMINMAX /D _USE_MATH_DEFINES /D _CRT_SECURE_NO_WARNINGS=1 /D "CMAKE_INTDIR=\"Debug\"" /D types_data_EXPORTS /D _WINDLL /D _MBCS /Gm- /EHsc /RTC1 /MDd /GS /arch:SSE2 /fp:precise /Zc:wchar_t /Zc:forScope /GR /Fo"types_data.dir\Debug\\" /Fd"types_data.dir\Debug\vc100.pdb" /Gd /TP /wd4251 /wd4244 /wd4267 /wd4522 /analyze- /errorReport:prompt ..\..\..\..\g2o\g2o\types\data\types_data.cpp ..\..\..\..\g2o\g2o\types\data\robot_data.cpp ..\..\..\..\g2o\g2o\types\data\vertex_tag.cpp ..\..\..\..\g2o\g2o\types\data\vertex_ellipse.cpp ..\..\..\..\g2o\g2o\types\data\laser_parameters.cpp ..\..\..\..\g2o\g2o\types\data\raw_laser.cpp ..\..\..\..\g2o\g2o\types\data\robot_laser.cpp ..\..\..\..\g2o\g2o\types\data\data_queue.cpp
         types_data.cpp
     1>d:\codebase\iisuvr\orb_slam_vs2010_x86\g2o\g2o\types\data\robot_data.h(42): error C2039: “Data”: 不是“g2o::HyperGraph”的成员
                 d:\codebase\iisuvr\orb_slam_vs2010_x86\g2o\g2o\core\hyper_graph.h(60) : 参见“g2o::HyperGraph”的声明
     1>d:\codebase\iisuvr\orb_slam_vs2010_x86\g2o\g2o\types\data\robot_data.h(42): error C2504: “Data”: 未定义基类
         robot_data.cpp
     1>d:\codebase\iisuvr\orb_slam_vs2010_x86\g2o\g2o\types\data\robot_data.h(42): error C2039: “Data”: 不是“g2o::HyperGraph”的成员
                 d:\codebase\iisuvr\orb_slam_vs2010_x86\g2o\g2o\core\hyper_graph.h(60) : 参见“g2o::HyperGraph”的声明
     1>d:\codebase\iisuvr\orb_slam_vs2010_x86\g2o\g2o\types\data\robot_data.h(42): error C2504: “Data”: 未定义基类
     1>..\..\..\..\g2o\g2o\types\data\robot_data.cpp(32): error C2039: “Data”: 不是“g2o::HyperGraph”的成员
                 d:\codebase\iisuvr\orb_slam_vs2010_x86\g2o\g2o\core\hyper_graph.h(60) : 参见“g2o::HyperGraph”的声明
     1>..\..\..\..\g2o\g2o\types\data\robot_data.cpp(34): error C2614: “g2o::RobotData”: 非法的成员初始化:“Data”不是基或成员
         vertex_tag.cpp
     1>d:\codebase\iisuvr\orb_slam_vs2010_x86\g2o\g2o\types\data\robot_data.h(42): error C2039: “Data”: 不是“g2o::HyperGraph”的成员
                 d:\codebase\iisuvr\orb_slam_vs2010_x86\g2o\g2o\core\hyper_graph.h(60) : 参见“g2o::HyperGraph”的声明
     1>d:\codebase\iisuvr\orb_slam_vs2010_x86\g2o\g2o\types\data\robot_data.h(42): error C2504: “Data”: 未定义基类
     1>..\..\..\..\g2o\g2o\types\data\vertex_tag.cpp(96): error C2440: “static_cast”: 无法从“g2o::HyperGraph::HyperGraphElement *”转换为“g2o::VertexTag *”
                 与指向的类型无关；转换要求 reinterpret_cast、C 样式转换或函数样式转换
         vertex_ellipse.cpp
     1>d:\codebase\iisuvr\orb_slam_vs2010_x86\g2o\g2o\types\data\robot_data.h(42): error C2039: “Data”: 不是“g2o::HyperGraph”的成员
                 d:\codebase\iisuvr\orb_slam_vs2010_x86\g2o\g2o\core\hyper_graph.h(60) : 参见“g2o::HyperGraph”的声明
     1>d:\codebase\iisuvr\orb_slam_vs2010_x86\g2o\g2o\types\data\robot_data.h(42): error C2504: “Data”: 未定义基类
         laser_parameters.cpp
         raw_laser.cpp
     1>d:\codebase\iisuvr\orb_slam_vs2010_x86\g2o\g2o\types\data\robot_data.h(42): error C2039: “Data”: 不是“g2o::HyperGraph”的成员
                 d:\codebase\iisuvr\orb_slam_vs2010_x86\g2o\g2o\core\hyper_graph.h(60) : 参见“g2o::HyperGraph”的声明
     1>d:\codebase\iisuvr\orb_slam_vs2010_x86\g2o\g2o\types\data\robot_data.h(42): error C2504: “Data”: 未定义基类
         robot_laser.cpp
     1>d:\codebase\iisuvr\orb_slam_vs2010_x86\g2o\g2o\types\data\robot_data.h(42): error C2039: “Data”: 不是“g2o::HyperGraph”的成员
                 d:\codebase\iisuvr\orb_slam_vs2010_x86\g2o\g2o\core\hyper_graph.h(60) : 参见“g2o::HyperGraph”的声明
     1>d:\codebase\iisuvr\orb_slam_vs2010_x86\g2o\g2o\types\data\robot_data.h(42): error C2504: “Data”: 未定义基类
     1>..\..\..\..\g2o\g2o\types\data\robot_laser.cpp(151): error C2440: “static_cast”: 无法从“g2o::HyperGraph::HyperGraphElement *”转换为“g2o::RobotLaser *”
                 与指向的类型无关；转换要求 reinterpret_cast、C 样式转换或函数样式转换
         data_queue.cpp
     1>D:\CodeBase\IisuVR\ORB_SLAM_vs2010_x86\g2o\g2o/types/data/robot_data.h(42): error C2039: “Data”: 不是“g2o::HyperGraph”的成员
                 d:\codebase\iisuvr\orb_slam_vs2010_x86\g2o\g2o\core\hyper_graph.h(60) : 参见“g2o::HyperGraph”的声明
     1>D:\CodeBase\IisuVR\ORB_SLAM_vs2010_x86\g2o\g2o/types/data/robot_data.h(42): error C2504: “Data”: 未定义基类
         正在生成代码...
     1>已完成生成项目“D:\CodeBase\IisuVR\ORB_SLAM_vs2010_x86\g2oX86Vs10\g2o\types\data\types_data.vcxproj”(build 个目标)的操作 - 失败。

生成失败。

已用时间 00:10:18.74
