生成启动时间为 2016/1/11 16:51:27。
     1>项目“D:\CodeBase\IisuVR\ORB_SLAM_vs2010_x86\g2oX86Vs10\g2o\examples\data_fitting\circle_fit.vcxproj”在节点 5 上(build 个目标)。
     1>InitializeBuildStatus:
         正在创建“circle_fit.dir\Release\circle_fit.unsuccessfulbuild”，因为已指定“AlwaysCreate”。
       CustomBuild:
         Building Custom Rule D:/CodeBase/IisuVR/ORB_SLAM_vs2010_x86/g2o/g2o/examples/data_fitting/CMakeLists.txt
         CMake does not need to re-run because D:\CodeBase\IisuVR\ORB_SLAM_vs2010_x86\g2oX86Vs10\g2o\examples\data_fitting\CMakeFiles\generate.stamp is up-to-date.
       ClCompile:
         C:\Program Files (x86)\Microsoft Visual Studio 10.0\VC\bin\CL.exe /c /ID:\CodeBase\IisuVR\ORB_SLAM_vs2010_x86\g2o /IC:\Tools\Eigen\include /ID:\CodeBase\IisuVR\ORB_SLAM_vs2010_x86\g2oX86Vs10 /ID:\CodeBase\IisuVR\ORB_SLAM_vs2010_x86\g2o\EXTERNAL\csparse /nologo /W3 /WX- /O2 /Ob2 /Oy- /D WIN32 /D _WINDOWS /D NDEBUG /D WINDOWS /D NOMINMAX /D _USE_MATH_DEFINES /D _CRT_SECURE_NO_WARNINGS=1 /D "CMAKE_INTDIR=\"Release\"" /D _MBCS /Gm- /EHsc /MD /GS /arch:SSE2 /fp:precise /Zc:wchar_t /Zc:forScope /GR /Fo"circle_fit.dir\Release\\" /Fd"circle_fit.dir\Release\vc100.pdb" /Gd /TP /wd4251 /wd4244 /wd4267 /wd4522 /analyze- /errorReport:prompt ..\..\..\..\g2o\g2o\examples\data_fitting\circle_fit.cpp
         circle_fit.cpp
       Link:
         C:\Program Files (x86)\Microsoft Visual Studio 10.0\VC\bin\link.exe /ERRORREPORT:PROMPT /OUT:"D:\CodeBase\IisuVR\ORB_SLAM_vs2010_x86\g2o\bin\Release\circle_fit.exe" /INCREMENTAL:NO /NOLOGO kernel32.lib user32.lib gdi32.lib winspool.lib shell32.lib ole32.lib oleaut32.lib uuid.lib comdlg32.lib advapi32.lib D:\CodeBase\IisuVR\ORB_SLAM_vs2010_x86\g2o\bin\Release\g2o_solver_csparse.lib D:\CodeBase\IisuVR\ORB_SLAM_vs2010_x86\g2o\bin\Release\g2o_core.lib D:\CodeBase\IisuVR\ORB_SLAM_vs2010_x86\g2o\bin\Release\g2o_stuff.lib D:\CodeBase\IisuVR\ORB_SLAM_vs2010_x86\g2o\bin\Release\g2o_csparse_extension.lib D:\CodeBase\IisuVR\ORB_SLAM_vs2010_x86\g2o\bin\Release\g2o_ext_csparse.lib /MANIFEST /ManifestFile:"circle_fit.dir\Release\circle_fit.exe.intermediate.manifest" /MANIFESTUAC:"level='asInvoker' uiAccess='false'" /PDB:"D:/CodeBase/IisuVR/ORB_SLAM_vs2010_x86/g2o/bin/Release/circle_fit.pdb" /SUBSYSTEM:CONSOLE /TLBID:1 /DYNAMICBASE /NXCOMPAT /IMPLIB:"D:/CodeBase/IisuVR/ORB_SLAM_vs2010_x86/g2o/bin/Release/circle_fit.lib" /MACHINE:X86 circle_fit.dir\Release\circle_fit.obj  /machine:X86 
         circle_fit.vcxproj -> D:\CodeBase\IisuVR\ORB_SLAM_vs2010_x86\g2o\bin\Release\circle_fit.exe
       Manifest:
         C:\Program Files (x86)\Microsoft SDKs\Windows\v7.0A\bin\mt.exe /nologo /verbose /outputresource:"D:\CodeBase\IisuVR\ORB_SLAM_vs2010_x86\g2o\bin\Release\circle_fit.exe;#1" /manifest circle_fit.dir\Release\circle_fit.exe.intermediate.manifest
       FinalizeBuildStatus:
         正在删除文件“circle_fit.dir\Release\circle_fit.unsuccessfulbuild”。
         正在对“circle_fit.dir\Release\circle_fit.lastbuildstate”执行 Touch 任务。
     1>已完成生成项目“D:\CodeBase\IisuVR\ORB_SLAM_vs2010_x86\g2oX86Vs10\g2o\examples\data_fitting\circle_fit.vcxproj”(build 个目标)的操作。

生成成功。

已用时间 00:02:28.85
