D:\CODEBASE\IISUVR\ORB_SLAM_VS2012_X64\BUILD\WIN\ORBSLAM\ORBSLAM\X64\DEBUG\CONVERTER.OBJ
D:\CODEBASE\IISUVR\ORB_SLAM_VS2012_X64\BUILD\WIN\ORBSLAM\ORBSLAM\X64\DEBUG\FRAME.OBJ
D:\CODEBASE\IISUVR\ORB_SLAM_VS2012_X64\BUILD\WIN\ORBSLAM\ORBSLAM\X64\DEBUG\FRAMEPUBLISHER.OBJ
D:\CODEBASE\IISUVR\ORB_SLAM_VS2012_X64\BUILD\WIN\ORBSLAM\ORBSLAM\X64\DEBUG\INITIALIZER.OBJ
D:\CODEBASE\IISUVR\ORB_SLAM_VS2012_X64\BUILD\WIN\ORBSLAM\ORBSLAM\X64\DEBUG\KEYFRAME.OBJ
D:\CODEBASE\IISUVR\ORB_SLAM_VS2012_X64\BUILD\WIN\ORBSLAM\ORBSLAM\X64\DEBUG\KEYFRAMEDATABASE.OBJ
D:\CODEBASE\IISUVR\ORB_SLAM_VS2012_X64\BUILD\WIN\ORBSLAM\ORBSLAM\X64\DEBUG\LOCALMAPPING.OBJ
D:\CODEBASE\IISUVR\ORB_SLAM_VS2012_X64\BUILD\WIN\ORBSLAM\ORBSLAM\X64\DEBUG\LOOPCLOSING.OBJ
D:\CODEBASE\IISUVR\ORB_SLAM_VS2012_X64\BUILD\WIN\ORBSLAM\ORBSLAM\X64\DEBUG\MAP.OBJ
D:\CODEBASE\IISUVR\ORB_SLAM_VS2012_X64\BUILD\WIN\ORBSLAM\ORBSLAM\X64\DEBUG\MAPPOINT.OBJ
D:\CODEBASE\IISUVR\ORB_SLAM_VS2012_X64\BUILD\WIN\ORBSLAM\ORBSLAM\X64\DEBUG\MAPPUBLISHER.OBJ
D:\CODEBASE\IISUVR\ORB_SLAM_VS2012_X64\BUILD\WIN\ORBSLAM\ORBSLAM\X64\DEBUG\MONOSLAM_TEST.OBJ
D:\CODEBASE\IISUVR\ORB_SLAM_VS2012_X64\BUILD\WIN\ORBSLAM\ORBSLAM\X64\DEBUG\ORBEXTRACTOR.OBJ
D:\CODEBASE\IISUVR\ORB_SLAM_VS2012_X64\BUILD\WIN\ORBSLAM\ORBSLAM\X64\DEBUG\ORBMATCHER.OBJ
D:\CODEBASE\IISUVR\ORB_SLAM_VS2012_X64\BUILD\WIN\ORBSLAM\ORBSLAM\X64\DEBUG\PNPSOLVER.OBJ
D:\CODEBASE\IISUVR\ORB_SLAM_VS2012_X64\BUILD\WIN\ORBSLAM\ORBSLAM\X64\DEBUG\SHOWTRAJECTORY.OBJ
D:\CODEBASE\IISUVR\ORB_SLAM_VS2012_X64\BUILD\WIN\ORBSLAM\ORBSLAM\X64\DEBUG\SIM3SOLVER.OBJ
D:\CODEBASE\IISUVR\ORB_SLAM_VS2012_X64\BUILD\WIN\ORBSLAM\ORBSLAM\X64\DEBUG\STDAFX.OBJ
D:\CODEBASE\IISUVR\ORB_SLAM_VS2012_X64\BUILD\WIN\ORBSLAM\ORBSLAM\X64\DEBUG\TRACKING.OBJ
D:\CODEBASE\IISUVR\ORB_SLAM_VS2012_X64\BUILD\WIN\ORBSLAM\ORBSLAM\X64\DEBUG\COMPUTESCALE.OBJ
D:\CODEBASE\IISUVR\ORB_SLAM_VS2012_X64\BUILD\WIN\ORBSLAM\ORBSLAM\X64\DEBUG\OPTIMIZER.OBJ
D:\CODEBASE\IISUVR\ORB_SLAM_VS2012_X64\BUILD\WIN\ORBSLAM\ORBSLAM\X64\DEBUG\VC110.PDB
D:\CodeBase\IisuVR\ORB_SLAM_vs2012_x64\Build\Win\ORBSLAM\ORBSLAM\x64\Debug\ComputeScale.obj
D:\CodeBase\IisuVR\ORB_SLAM_vs2012_x64\Build\Win\ORBSLAM\ORBSLAM\x64\Debug\Converter.obj
D:\CodeBase\IisuVR\ORB_SLAM_vs2012_x64\Build\Win\ORBSLAM\ORBSLAM\x64\Debug\Frame.obj
D:\CodeBase\IisuVR\ORB_SLAM_vs2012_x64\Build\Win\ORBSLAM\ORBSLAM\x64\Debug\FramePublisher.obj
D:\CodeBase\IisuVR\ORB_SLAM_vs2012_x64\Build\Win\ORBSLAM\ORBSLAM\x64\Debug\Initializer.obj
D:\CodeBase\IisuVR\ORB_SLAM_vs2012_x64\Build\Win\ORBSLAM\ORBSLAM\x64\Debug\KeyFrame.obj
D:\CodeBase\IisuVR\ORB_SLAM_vs2012_x64\Build\Win\ORBSLAM\ORBSLAM\x64\Debug\KeyFrameDatabase.obj
D:\CodeBase\IisuVR\ORB_SLAM_vs2012_x64\Build\Win\ORBSLAM\ORBSLAM\x64\Debug\LocalMapping.obj
D:\CodeBase\IisuVR\ORB_SLAM_vs2012_x64\Build\Win\ORBSLAM\ORBSLAM\x64\Debug\LoopClosing.obj
D:\CodeBase\IisuVR\ORB_SLAM_vs2012_x64\Build\Win\ORBSLAM\ORBSLAM\x64\Debug\Map.obj
D:\CodeBase\IisuVR\ORB_SLAM_vs2012_x64\Build\Win\ORBSLAM\ORBSLAM\x64\Debug\MapPoint.obj
D:\CodeBase\IisuVR\ORB_SLAM_vs2012_x64\Build\Win\ORBSLAM\ORBSLAM\x64\Debug\MapPublisher.obj
D:\CodeBase\IisuVR\ORB_SLAM_vs2012_x64\Build\Win\ORBSLAM\ORBSLAM\x64\Debug\Monoslam_test.obj
D:\CodeBase\IisuVR\ORB_SLAM_vs2012_x64\Build\Win\ORBSLAM\ORBSLAM\x64\Debug\Optimizer.obj
D:\CodeBase\IisuVR\ORB_SLAM_vs2012_x64\Build\Win\ORBSLAM\ORBSLAM\x64\Debug\ORBextractor.obj
D:\CodeBase\IisuVR\ORB_SLAM_vs2012_x64\Build\Win\ORBSLAM\ORBSLAM\x64\Debug\ORBmatcher.obj
D:\CodeBase\IisuVR\ORB_SLAM_vs2012_x64\Build\Win\ORBSLAM\ORBSLAM\x64\Debug\PnPsolver.obj
D:\CodeBase\IisuVR\ORB_SLAM_vs2012_x64\Build\Win\ORBSLAM\ORBSLAM\x64\Debug\ShowTrajectory.obj
D:\CodeBase\IisuVR\ORB_SLAM_vs2012_x64\Build\Win\ORBSLAM\ORBSLAM\x64\Debug\Sim3Solver.obj
D:\CodeBase\IisuVR\ORB_SLAM_vs2012_x64\Build\Win\ORBSLAM\ORBSLAM\x64\Debug\stdafx.obj
D:\CodeBase\IisuVR\ORB_SLAM_vs2012_x64\Build\Win\ORBSLAM\ORBSLAM\x64\Debug\Tracking.obj
D:\CodeBase\IisuVR\ORB_SLAM_vs2012_x64\Build\Win\ORBSLAM\ORBSLAM\x64\Debug\cl.command.1.tlog
D:\CodeBase\IisuVR\ORB_SLAM_vs2012_x64\Build\Win\ORBSLAM\ORBSLAM\x64\Debug\CL.read.1.tlog
D:\CodeBase\IisuVR\ORB_SLAM_vs2012_x64\Build\Win\ORBSLAM\ORBSLAM\x64\Debug\CL.write.1.tlog
D:\CodeBase\IisuVR\ORB_SLAM_vs2012_x64\Build\Win\ORBSLAM\ORBSLAM\x64\Debug\link-cvtres.read.1.tlog
D:\CodeBase\IisuVR\ORB_SLAM_vs2012_x64\Build\Win\ORBSLAM\ORBSLAM\x64\Debug\link-cvtres.write.1.tlog
D:\CodeBase\IisuVR\ORB_SLAM_vs2012_x64\Build\Win\ORBSLAM\ORBSLAM\x64\Debug\link-rc.read.1.tlog
D:\CodeBase\IisuVR\ORB_SLAM_vs2012_x64\Build\Win\ORBSLAM\ORBSLAM\x64\Debug\link-rc.write.1.tlog
D:\CodeBase\IisuVR\ORB_SLAM_vs2012_x64\Build\Win\ORBSLAM\ORBSLAM\x64\Debug\link.command.1.tlog
D:\CodeBase\IisuVR\ORB_SLAM_vs2012_x64\Build\Win\ORBSLAM\ORBSLAM\x64\Debug\link.read.1.tlog
D:\CodeBase\IisuVR\ORB_SLAM_vs2012_x64\Build\Win\ORBSLAM\ORBSLAM\x64\Debug\link.write.1.tlog
D:\CodeBase\IisuVR\ORB_SLAM_vs2012_x64\Build\Win\ORBSLAM\ORBSLAM\x64\Debug\vc110.idb
D:\CodeBase\IisuVR\ORB_SLAM_vs2012_x64\Build\Win\ORBSLAM\ORBSLAM\x64\Debug\vc110.pdb
D:\CodeBase\IisuVR\ORB_SLAM_vs2012_x64\Build\Win\ORBSLAM\x64\Debug\ORBSLAM.pdb
