生成启动时间为 2016/1/9 20:21:39。
     1>项目“D:\CodeBase\IisuVR\ORB_SLAM_vs2012_x64-MDd\Build\Win\ORBSLAM\ORBSLAM\ORBSLAM.vcxproj”在节点 2 上(Build 个目标)。
     1>InitializeBuildStatus:
         正在创建“x64\Debug\ORBSLAM.unsuccessfulbuild”，因为已指定“AlwaysCreate”。
       ClCompile:
         C:\Program Files (x86)\Microsoft Visual Studio 11.0\VC\bin\x86_amd64\CL.exe /c /IE:\opencv2411\opencv\mybuild_VC11_64\install\include /Zi /nologo /W3 /WX- /sdl /Od /D WIN32 /D _DEBUG /D _CONSOLE /D _WINDOWS /D _CRT_SECURE_NO_WARNINGS /D _MBCS /Gm /EHsc /RTC1 /MDd /GS /fp:precise /Zc:wchar_t /Zc:forScope /Fo"x64\Debug\\" /Fd"x64\Debug\vc110.pdb" /Gd /TP /errorReport:prompt ..\..\..\..\source\Tracking.cpp
         Tracking.cpp
     1>..\..\..\..\source\Tracking.cpp : warning C4819: 该文件包含不能在当前代码页(936)中表示的字符。请将该文件保存为 Unicode 格式以防止数据丢失
     1>C:\Tools\PCL1.7.2Vc11X64\include\pcl-1.7\pcl/point_traits.h : warning C4819: 该文件包含不能在当前代码页(936)中表示的字符。请将该文件保存为 Unicode 格式以防止数据丢失
     1>d:\codebase\iisuvr\orb_slam_vs2012_x64-mdd\source\Tracking.h : warning C4819: 该文件包含不能在当前代码页(936)中表示的字符。请将该文件保存为 Unicode 格式以防止数据丢失
     1>..\..\..\..\source\Tracking.cpp(103): warning C4800: “int”: 将值强制为布尔值“true”或“false”(性能警告)
     1>..\..\..\..\source\Tracking.cpp(138): warning C4800: “int”: 将值强制为布尔值“true”或“false”(性能警告)
     1>..\..\..\..\source\Tracking.cpp(221): warning C4800: “int”: 将值强制为布尔值“true”或“false”(性能警告)
     1>..\..\..\..\source\Tracking.cpp(256): warning C4800: “int”: 将值强制为布尔值“true”或“false”(性能警告)
       Link:
         C:\Program Files (x86)\Microsoft Visual Studio 11.0\VC\bin\x86_amd64\link.exe /ERRORREPORT:PROMPT /OUT:"D:\CodeBase\IisuVR\ORB_SLAM_vs2012_x64-MDd\Build\Win\ORBSLAM\x64\Debug\ORBSLAM.exe" /INCREMENTAL /NOLOGO opencv_calib3d2410d.lib opencv_core2410d.lib opencv_features2d2410d.lib opencv_flann2410d.lib opencv_highgui2410d.lib opencv_imgproc2410d.lib pcl_common_debug.lib pcl_io_debug.lib pcl_io_ply_debug.lib pcl_visualization_debug.lib "vtkzlib-6.2-gd.lib" "vtkViewsInfovis-6.2-gd.lib" "vtkViewsCore-6.2-gd.lib" "vtkViewsContext2D-6.2-gd.lib" "vtkverdict-6.2-gd.lib" "vtktiff-6.2-gd.lib" "vtksys-6.2-gd.lib" "vtksqlite-6.2-gd.lib" "vtkRenderingVolumeOpenGL-6.2-gd.lib" "vtkRenderingVolume-6.2-gd.lib" "vtkRenderingOpenGL-6.2-gd.lib" "vtkRenderingLOD-6.2-gd.lib" "vtkRenderingLIC-6.2-gd.lib" "vtkRenderingLabel-6.2-gd.lib" "vtkRenderingImage-6.2-gd.lib" "vtkRenderingGL2PS-6.2-gd.lib" "vtkRenderingFreeTypeOpenGL-6.2-gd.lib" "vtkRenderingFreeType-6.2-gd.lib" "vtkRenderingCore-6.2-gd.lib" "vtkRenderingContextOpenGL-6.2-gd.lib" "vtkRenderingContext2D-6.2-gd.lib" "vtkRenderingAnnotation-6.2-gd.lib" "vtkproj4-6.2-gd.lib" "vtkpng-6.2-gd.lib" "vtkParallelCore-6.2-gd.lib" "vtkoggtheora-6.2-gd.lib" "vtkNetCDF-6.2-gd.lib" "vtkNetCDF_cxx-6.2-gd.lib" "vtkmetaio-6.2-gd.lib" "vtklibxml2-6.2-gd.lib" "vtkjsoncpp-6.2-gd.lib" "vtkjpeg-6.2-gd.lib" "vtkIOXMLParser-6.2-gd.lib" "vtkIOXML-6.2-gd.lib" "vtkIOVideo-6.2-gd.lib" "vtkIOSQL-6.2-gd.lib" "vtkIOPLY-6.2-gd.lib" "vtkIOParallelXML-6.2-gd.lib" "vtkIOParallel-6.2-gd.lib" "vtkIONetCDF-6.2-gd.lib" "vtkIOMovie-6.2-gd.lib" "vtkIOMINC-6.2-gd.lib" "vtkIOLSDyna-6.2-gd.lib" "vtkIOLegacy-6.2-gd.lib" "vtkIOInfovis-6.2-gd.lib" "vtkIOImport-6.2-gd.lib" "vtkIOImage-6.2-gd.lib" "vtkIOGeometry-6.2-gd.lib" "vtkIOExport-6.2-gd.lib" "vtkIOExodus-6.2-gd.lib" "vtkIOEnSight-6.2-gd.lib" "vtkIOCore-6.2-gd.lib" "vtkIOAMR-6.2-gd.lib" "vtkInteractionWidgets-6.2-gd.lib" "vtkInteractionStyle-6.2-gd.lib" "vtkInteractionImage-6.2-gd.lib" "vtkInfovisLayout-6.2-gd.lib" "vtkInfovisCore-6.2-gd.lib" "vtkImagingStencil-6.2-gd.lib" "vtkImagingStatistics-6.2-gd.lib" "vtkImagingSources-6.2-gd.lib" "vtkImagingMorphological-6.2-gd.lib" "vtkImagingMath-6.2-gd.lib" "vtkImagingHybrid-6.2-gd.lib" "vtkImagingGeneral-6.2-gd.lib" "vtkImagingFourier-6.2-gd.lib" "vtkImagingCore-6.2-gd.lib" "vtkImagingColor-6.2-gd.lib" "vtkhdf5-6.2-gd.lib" "vtkhdf5_hl-6.2-gd.lib" "vtkgl2ps-6.2-gd.lib" "vtkGeovisCore-6.2-gd.lib" "vtkftgl-6.2-gd.lib" "vtkfreetype-6.2-gd.lib" "vtkFiltersVerdict-6.2-gd.lib" "vtkFiltersTexture-6.2-gd.lib" "vtkFiltersStatistics-6.2-gd.lib" "vtkFiltersSources-6.2-gd.lib" "vtkFiltersSMP-6.2-gd.lib" "vtkFiltersSelection-6.2-gd.lib" "vtkFiltersProgrammable-6.2-gd.lib" "vtkFiltersParallelImaging-6.2-gd.lib" "vtkFiltersParallel-6.2-gd.lib" "vtkFiltersModeling-6.2-gd.lib" "vtkFiltersImaging-6.2-gd.lib" "vtkFiltersHyperTree-6.2-gd.lib" "vtkFiltersHybrid-6.2-gd.lib" "vtkFiltersGeometry-6.2-gd.lib" "vtkFiltersGeneric-6.2-gd.lib" "vtkFiltersGeneral-6.2-gd.lib" "vtkFiltersFlowPaths-6.2-gd.lib" "vtkFiltersExtraction-6.2-gd.lib" "vtkFiltersCore-6.2-gd.lib" "vtkFiltersAMR-6.2-gd.lib" "vtkexpat-6.2-gd.lib" "vtkexoIIc-6.2-gd.lib" "vtkDomainsChemistry-6.2-gd.lib" "vtkDICOMParser-6.2-gd.lib" "vtkCommonTransforms-6.2-gd.lib" "vtkCommonSystem-6.2-gd.lib" "vtkCommonMisc-6.2-gd.lib" "vtkCommonMath-6.2-gd.lib" "vtkCommonExecutionModel-6.2-gd.lib" "vtkCommonDataModel-6.2-gd.lib" "vtkCommonCore-6.2-gd.lib" "vtkCommonComputationalGeometry-6.2-gd.lib" "vtkCommonColor-6.2-gd.lib" "vtkChartsCore-6.2-gd.lib" "vtkalglib-6.2-gd.lib" "libboost_filesystem-vc110-mt-gd-1_57.lib" "libboost_system-vc110-mt-gd-1_57.lib" DBoW2.lib g2o_calibration_odom_laser_d.lib g2o_cli_d.lib g2o_core_d.lib g2o_csparse_extension_d.lib g2o_ext_csparse_d.lib g2o_hierarchical_d.lib g2o_interface_d.lib g2o_parser_d.lib g2o_solver_csparse_d.lib g2o_solver_dense_d.lib g2o_solver_pcg_d.lib g2o_solver_slam2d_linear_d.lib g2o_solver_structure_only_d.lib g2o_stuff_d.lib g2o_tutorial_slam2d_d.lib g2o_types_data_d.lib g2o_types_icp_d.lib g2o_types_sba_d.lib g2o_types_sclam2d_d.lib g2o_types_sim3_d.lib g2o_types_slam2d_addons_d.lib g2o_types_slam2d_d.lib g2o_types_slam3d_addons_d.lib g2o_types_slam3d_d.lib libamd.lib libcamd.lib libccolamd.lib libcholmod.lib libcolamd.lib libmetis.lib libopenblas.lib SuiteSparse_config.lib /MANIFEST /MANIFESTUAC:"level='asInvoker' uiAccess='false'" /manifest:embed /DEBUG /PDB:"D:\CodeBase\IisuVR\ORB_SLAM_vs2012_x64-MDd\Build\Win\ORBSLAM\x64\Debug\ORBSLAM.pdb" /SUBSYSTEM:CONSOLE /TLBID:1 /DYNAMICBASE /NXCOMPAT /IMPLIB:"D:\CodeBase\IisuVR\ORB_SLAM_vs2012_x64-MDd\Build\Win\ORBSLAM\x64\Debug\ORBSLAM.lib" /MACHINE:X64 x64\Debug\ComputeScale.obj
         x64\Debug\Converter.obj
         x64\Debug\Frame.obj
         x64\Debug\FramePublisher.obj
         x64\Debug\Initializer.obj
         x64\Debug\KeyFrame.obj
         x64\Debug\KeyFrameDatabase.obj
         x64\Debug\LocalMapping.obj
         x64\Debug\LoopClosing.obj
         x64\Debug\Map.obj
         x64\Debug\MapPoint.obj
         x64\Debug\MapPublisher.obj
         x64\Debug\Monoslam_test.obj
         x64\Debug\Optimizer.obj
         x64\Debug\ORBextractor.obj
         x64\Debug\ORBmatcher.obj
         x64\Debug\PnPsolver.obj
         x64\Debug\ShowTrajectory.obj
         x64\Debug\Sim3Solver.obj
         x64\Debug\stdafx.obj
         x64\Debug\Tracking.obj
         ORBSLAM.vcxproj -> D:\CodeBase\IisuVR\ORB_SLAM_vs2012_x64-MDd\Build\Win\ORBSLAM\x64\Debug\ORBSLAM.exe
       FinalizeBuildStatus:
         正在删除文件“x64\Debug\ORBSLAM.unsuccessfulbuild”。
         正在对“x64\Debug\ORBSLAM.lastbuildstate”执行 Touch 任务。
     1>已完成生成项目“D:\CodeBase\IisuVR\ORB_SLAM_vs2012_x64-MDd\Build\Win\ORBSLAM\ORBSLAM\ORBSLAM.vcxproj”(Build 个目标)的操作。

生成成功。

已用时间 00:02:21.99
