生成启动时间为 2016/1/11 13:39:37。
     1>项目“D:\CodeBase\IisuVR\ORB_SLAM_vs2010_x86\g2oX86Vs10\g2o\solvers\csparse\csparse_extension.vcxproj”在节点 3 上(build 个目标)。
     1>InitializeBuildStatus:
         正在创建“csparse_extension.dir\Debug\csparse_extension.unsuccessfulbuild”，因为已指定“AlwaysCreate”。
       CustomBuild:
         Building Custom Rule D:/CodeBase/IisuVR/ORB_SLAM_vs2010_x86/g2o/g2o/solvers/csparse/CMakeLists.txt
         CMake does not need to re-run because D:\CodeBase\IisuVR\ORB_SLAM_vs2010_x86\g2oX86Vs10\g2o\solvers\csparse\CMakeFiles\generate.stamp is up-to-date.
       MakeDirsForCl:
         正在创建目录“D:\CodeBase\IisuVR\ORB_SLAM_vs2010_x86\g2oX86Vs10\g2o\solvers\csparse\Debug”。
       ClCompile:
         C:\Program Files (x86)\Microsoft Visual Studio 10.0\VC\bin\CL.exe /c /ID:\CodeBase\IisuVR\ORB_SLAM_vs2010_x86\g2o /IC:\Tools\Eigen\include /ID:\CodeBase\IisuVR\ORB_SLAM_vs2010_x86\g2oX86Vs10 /ID:\CodeBase\IisuVR\ORB_SLAM_vs2010_x86\g2o\EXTERNAL\csparse /Zi /nologo /W3 /WX- /Od /Ob2 /Oy- /D WIN32 /D _WINDOWS /D _DEBUG /D WINDOWS /D NOMINMAX /D _USE_MATH_DEFINES /D _CRT_SECURE_NO_WARNINGS=1 /D "CMAKE_INTDIR=\"Debug\"" /D csparse_extension_EXPORTS /D _WINDLL /D _MBCS /Gm- /EHsc /RTC1 /MDd /GS /arch:SSE2 /fp:precise /Zc:wchar_t /Zc:forScope /GR /Fo"csparse_extension.dir\Debug\\" /Fd"csparse_extension.dir\Debug\vc100.pdb" /Gd /TP /wd4251 /wd4244 /wd4267 /wd4522 /analyze- /errorReport:prompt ..\..\..\..\g2o\g2o\solvers\csparse\csparse_helper.cpp
         csparse_helper.cpp
       ManifestResourceCompile:
         C:\Program Files (x86)\Microsoft SDKs\Windows\v7.0A\bin\rc.exe /nologo /fo"csparse_extension.dir\Debug\g2o_csparse_extension_d.dll.embed.manifest.res" csparse_extension.dir\Debug\g2o_csparse_extension_d_manifest.rc 
       Link:
         C:\Program Files (x86)\Microsoft Visual Studio 10.0\VC\bin\link.exe /ERRORREPORT:PROMPT /OUT:"D:\CodeBase\IisuVR\ORB_SLAM_vs2010_x86\g2o\bin\Debug\g2o_csparse_extension_d.dll" /INCREMENTAL /NOLOGO kernel32.lib user32.lib gdi32.lib winspool.lib shell32.lib ole32.lib oleaut32.lib uuid.lib comdlg32.lib advapi32.lib D:\CodeBase\IisuVR\ORB_SLAM_vs2010_x86\g2o\bin\Debug\g2o_ext_csparse_d.lib /MANIFEST /ManifestFile:"csparse_extension.dir\Debug\g2o_csparse_extension_d.dll.intermediate.manifest" /MANIFESTUAC:"level='asInvoker' uiAccess='false'" /DEBUG /PDB:"D:/CodeBase/IisuVR/ORB_SLAM_vs2010_x86/g2o/bin/Debug/g2o_csparse_extension_d.pdb" /SUBSYSTEM:CONSOLE /TLBID:1 /DYNAMICBASE /NXCOMPAT /IMPLIB:"D:/CodeBase/IisuVR/ORB_SLAM_vs2010_x86/g2o/bin/Debug/g2o_csparse_extension_d.lib" /MACHINE:X86 /DLL csparse_extension.dir\Debug\g2o_csparse_extension_d.dll.embed.manifest.res
         csparse_extension.dir\Debug\csparse_helper.obj  /machine:X86 /debug 
            正在创建库 D:/CodeBase/IisuVR/ORB_SLAM_vs2010_x86/g2o/bin/Debug/g2o_csparse_extension_d.lib 和对象 D:/CodeBase/IisuVR/ORB_SLAM_vs2010_x86/g2o/bin/Debug/g2o_csparse_extension_d.exp
       Manifest:
         C:\Program Files (x86)\Microsoft SDKs\Windows\v7.0A\bin\mt.exe /nologo /verbose /out:"csparse_extension.dir\Debug\g2o_csparse_extension_d.dll.embed.manifest" /manifest csparse_extension.dir\Debug\g2o_csparse_extension_d.dll.intermediate.manifest
         C:\Program Files (x86)\Microsoft SDKs\Windows\v7.0A\bin\rc.exe /nologo /fo"csparse_extension.dir\Debug\g2o_csparse_extension_d.dll.embed.manifest.res" csparse_extension.dir\Debug\g2o_csparse_extension_d_manifest.rc 
       LinkEmbedManifest:
         C:\Program Files (x86)\Microsoft Visual Studio 10.0\VC\bin\link.exe /ERRORREPORT:PROMPT /OUT:"D:\CodeBase\IisuVR\ORB_SLAM_vs2010_x86\g2o\bin\Debug\g2o_csparse_extension_d.dll" /INCREMENTAL /NOLOGO kernel32.lib user32.lib gdi32.lib winspool.lib shell32.lib ole32.lib oleaut32.lib uuid.lib comdlg32.lib advapi32.lib D:\CodeBase\IisuVR\ORB_SLAM_vs2010_x86\g2o\bin\Debug\g2o_ext_csparse_d.lib /MANIFEST /ManifestFile:"csparse_extension.dir\Debug\g2o_csparse_extension_d.dll.intermediate.manifest" /MANIFESTUAC:"level='asInvoker' uiAccess='false'" /DEBUG /PDB:"D:/CodeBase/IisuVR/ORB_SLAM_vs2010_x86/g2o/bin/Debug/g2o_csparse_extension_d.pdb" /SUBSYSTEM:CONSOLE /TLBID:1 /DYNAMICBASE /NXCOMPAT /IMPLIB:"D:/CodeBase/IisuVR/ORB_SLAM_vs2010_x86/g2o/bin/Debug/g2o_csparse_extension_d.lib" /MACHINE:X86 /DLL csparse_extension.dir\Debug\g2o_csparse_extension_d.dll.embed.manifest.res
         csparse_extension.dir\Debug\csparse_helper.obj  /machine:X86 /debug 
            正在创建库 D:/CodeBase/IisuVR/ORB_SLAM_vs2010_x86/g2o/bin/Debug/g2o_csparse_extension_d.lib 和对象 D:/CodeBase/IisuVR/ORB_SLAM_vs2010_x86/g2o/bin/Debug/g2o_csparse_extension_d.exp
         csparse_extension.vcxproj -> D:\CodeBase\IisuVR\ORB_SLAM_vs2010_x86\g2o\bin\Debug\g2o_csparse_extension_d.dll
       FinalizeBuildStatus:
         正在删除文件“csparse_extension.dir\Debug\csparse_extension.unsuccessfulbuild”。
         正在对“csparse_extension.dir\Debug\csparse_extension.lastbuildstate”执行 Touch 任务。
     1>已完成生成项目“D:\CodeBase\IisuVR\ORB_SLAM_vs2010_x86\g2oX86Vs10\g2o\solvers\csparse\csparse_extension.vcxproj”(build 个目标)的操作。

生成成功。

已用时间 00:00:42.66
