生成启动时间为 2016/1/11 15:01:31。
     1>项目“D:\CodeBase\IisuVR\ORB_SLAM_vs2010_x86\g2oX86Vs10\g2o\types\slam2d_addons\types_slam2d_addons.vcxproj”在节点 3 上(build 个目标)。
     1>InitializeBuildStatus:
         正在创建“types_slam2d_addons.dir\Debug\types_slam2d_addons.unsuccessfulbuild”，因为已指定“AlwaysCreate”。
       CustomBuild:
         Building Custom Rule D:/CodeBase/IisuVR/ORB_SLAM_vs2010_x86/g2o/g2o/types/slam2d_addons/CMakeLists.txt
         CMake does not need to re-run because D:\CodeBase\IisuVR\ORB_SLAM_vs2010_x86\g2oX86Vs10\g2o\types\slam2d_addons\CMakeFiles\generate.stamp is up-to-date.
       MakeDirsForCl:
         正在创建目录“D:\CodeBase\IisuVR\ORB_SLAM_vs2010_x86\g2oX86Vs10\g2o\types\slam2d_addons\Debug”。
       ClCompile:
         C:\Program Files (x86)\Microsoft Visual Studio 10.0\VC\bin\CL.exe /c /ID:\CodeBase\IisuVR\ORB_SLAM_vs2010_x86\g2o /IC:\Tools\Eigen\include /ID:\CodeBase\IisuVR\ORB_SLAM_vs2010_x86\g2oX86Vs10 /Zi /nologo /W3 /WX- /Od /Ob2 /Oy- /D WIN32 /D _WINDOWS /D _DEBUG /D WINDOWS /D NOMINMAX /D _USE_MATH_DEFINES /D _CRT_SECURE_NO_WARNINGS=1 /D "CMAKE_INTDIR=\"Debug\"" /D types_slam2d_addons_EXPORTS /D _WINDLL /D _MBCS /Gm- /EHsc /RTC1 /MDd /GS /arch:SSE2 /fp:precise /Zc:wchar_t /Zc:forScope /GR /Fo"types_slam2d_addons.dir\Debug\\" /Fd"types_slam2d_addons.dir\Debug\vc100.pdb" /Gd /TP /wd4251 /wd4244 /wd4267 /wd4522 /analyze- /errorReport:prompt ..\..\..\..\g2o\g2o\types\slam2d_addons\types_slam2d_addons.cpp ..\..\..\..\g2o\g2o\types\slam2d_addons\vertex_segment2d.cpp ..\..\..\..\g2o\g2o\types\slam2d_addons\edge_se2_segment2d.cpp ..\..\..\..\g2o\g2o\types\slam2d_addons\edge_se2_segment2d_line.cpp ..\..\..\..\g2o\g2o\types\slam2d_addons\edge_se2_segment2d_pointLine.cpp ..\..\..\..\g2o\g2o\types\slam2d_addons\vertex_line2d.cpp ..\..\..\..\g2o\g2o\types\slam2d_addons\edge_se2_line2d.cpp ..\..\..\..\g2o\g2o\types\slam2d_addons\edge_line2d_pointxy.cpp ..\..\..\..\g2o\g2o\types\slam2d_addons\edge_line2d.cpp
         types_slam2d_addons.cpp
         vertex_segment2d.cpp
         edge_se2_segment2d.cpp
         edge_se2_segment2d_line.cpp
         edge_se2_segment2d_pointLine.cpp
         vertex_line2d.cpp
         edge_se2_line2d.cpp
         edge_line2d_pointxy.cpp
         edge_line2d.cpp
         正在生成代码...
       ManifestResourceCompile:
         C:\Program Files (x86)\Microsoft SDKs\Windows\v7.0A\bin\rc.exe /nologo /fo"types_slam2d_addons.dir\Debug\g2o_types_slam2d_addons_d.dll.embed.manifest.res" types_slam2d_addons.dir\Debug\g2o_types_slam2d_addons_d_manifest.rc 
       Link:
         C:\Program Files (x86)\Microsoft Visual Studio 10.0\VC\bin\link.exe /ERRORREPORT:PROMPT /OUT:"D:\CodeBase\IisuVR\ORB_SLAM_vs2010_x86\g2o\bin\Debug\g2o_types_slam2d_addons_d.dll" /INCREMENTAL /NOLOGO kernel32.lib user32.lib gdi32.lib winspool.lib shell32.lib ole32.lib oleaut32.lib uuid.lib comdlg32.lib advapi32.lib D:\CodeBase\IisuVR\ORB_SLAM_vs2010_x86\g2o\bin\Debug\g2o_types_slam2d_d.lib D:\CodeBase\IisuVR\ORB_SLAM_vs2010_x86\g2o\bin\Debug\g2o_core_d.lib opengl32.lib D:\CodeBase\IisuVR\ORB_SLAM_vs2010_x86\g2o\bin\Debug\g2o_stuff_d.lib D:\CodeBase\IisuVR\ORB_SLAM_vs2010_x86\g2o\bin\Debug\g2o_opengl_helper_d.lib glu32.lib opengl32.lib /MANIFEST /ManifestFile:"types_slam2d_addons.dir\Debug\g2o_types_slam2d_addons_d.dll.intermediate.manifest" /MANIFESTUAC:"level='asInvoker' uiAccess='false'" /DEBUG /PDB:"D:/CodeBase/IisuVR/ORB_SLAM_vs2010_x86/g2o/bin/Debug/g2o_types_slam2d_addons_d.pdb" /SUBSYSTEM:CONSOLE /TLBID:1 /DYNAMICBASE /NXCOMPAT /IMPLIB:"D:/CodeBase/IisuVR/ORB_SLAM_vs2010_x86/g2o/bin/Debug/g2o_types_slam2d_addons_d.lib" /MACHINE:X86 /DLL types_slam2d_addons.dir\Debug\g2o_types_slam2d_addons_d.dll.embed.manifest.res
         types_slam2d_addons.dir\Debug\types_slam2d_addons.obj
         types_slam2d_addons.dir\Debug\vertex_segment2d.obj
         types_slam2d_addons.dir\Debug\edge_se2_segment2d.obj
         types_slam2d_addons.dir\Debug\edge_se2_segment2d_line.obj
         types_slam2d_addons.dir\Debug\edge_se2_segment2d_pointLine.obj
         types_slam2d_addons.dir\Debug\vertex_line2d.obj
         types_slam2d_addons.dir\Debug\edge_se2_line2d.obj
         types_slam2d_addons.dir\Debug\edge_line2d_pointxy.obj
         types_slam2d_addons.dir\Debug\edge_line2d.obj  /machine:X86 /debug 
     1>LINK : fatal error LNK1104: 无法打开文件“D:\CodeBase\IisuVR\ORB_SLAM_vs2010_x86\g2o\bin\Debug\g2o_types_slam2d_d.lib”
     1>已完成生成项目“D:\CodeBase\IisuVR\ORB_SLAM_vs2010_x86\g2oX86Vs10\g2o\types\slam2d_addons\types_slam2d_addons.vcxproj”(build 个目标)的操作 - 失败。

生成失败。

已用时间 00:31:51.42
