生成启动时间为 2016/1/11 17:27:10。
     1>项目“D:\CodeBase\IisuVR\ORB_SLAM_vs2010_x86\g2oX86Vs10\g2o\apps\g2o_simulator\g2o_simulator_library.vcxproj”在节点 2 上(build 个目标)。
     1>InitializeBuildStatus:
         正在创建“g2o_simulator_library.dir\Release\g2o_simulator_library.unsuccessfulbuild”，因为已指定“AlwaysCreate”。
       CustomBuild:
         Building Custom Rule D:/CodeBase/IisuVR/ORB_SLAM_vs2010_x86/g2o/g2o/apps/g2o_simulator/CMakeLists.txt
         CMake does not need to re-run because D:\CodeBase\IisuVR\ORB_SLAM_vs2010_x86\g2oX86Vs10\g2o\apps\g2o_simulator\CMakeFiles\generate.stamp is up-to-date.
       ClCompile:
         C:\Program Files (x86)\Microsoft Visual Studio 10.0\VC\bin\CL.exe /c /ID:\CodeBase\IisuVR\ORB_SLAM_vs2010_x86\g2o /IC:\Tools\Eigen\include /ID:\CodeBase\IisuVR\ORB_SLAM_vs2010_x86\g2oX86Vs10 /nologo /W3 /WX- /O2 /Ob2 /Oy- /D WIN32 /D _WINDOWS /D NDEBUG /D WINDOWS /D NOMINMAX /D _USE_MATH_DEFINES /D _CRT_SECURE_NO_WARNINGS=1 /D "CMAKE_INTDIR=\"Release\"" /D g2o_simulator_library_EXPORTS /D _WINDLL /D _MBCS /Gm- /EHsc /MD /GS /arch:SSE2 /fp:precise /Zc:wchar_t /Zc:forScope /GR /Fo"g2o_simulator_library.dir\Release\\" /Fd"g2o_simulator_library.dir\Release\vc100.pdb" /Gd /TP /wd4251 /wd4244 /wd4267 /wd4522 /analyze- /errorReport:prompt ..\..\..\..\g2o\g2o\apps\g2o_simulator\simulator.cpp ..\..\..\..\g2o\g2o\apps\g2o_simulator\pointsensorparameters.cpp ..\..\..\..\g2o\g2o\apps\g2o_simulator\sensor_odometry2d.cpp ..\..\..\..\g2o\g2o\apps\g2o_simulator\sensor_pose2d.cpp ..\..\..\..\g2o\g2o\apps\g2o_simulator\sensor_pointxy.cpp ..\..\..\..\g2o\g2o\apps\g2o_simulator\sensor_pointxy_bearing.cpp ..\..\..\..\g2o\g2o\apps\g2o_simulator\sensor_pointxy_offset.cpp ..\..\..\..\g2o\g2o\apps\g2o_simulator\simutils.cpp ..\..\..\..\g2o\g2o\apps\g2o_simulator\sensor_segment2d.cpp ..\..\..\..\g2o\g2o\apps\g2o_simulator\sensor_segment2d_line.cpp ..\..\..\..\g2o\g2o\apps\g2o_simulator\sensor_segment2d_pointline.cpp ..\..\..\..\g2o\g2o\apps\g2o_simulator\sensor_odometry3d.cpp ..\..\..\..\g2o\g2o\apps\g2o_simulator\sensor_pose3d.cpp ..\..\..\..\g2o\g2o\apps\g2o_simulator\sensor_pose3d_offset.cpp ..\..\..\..\g2o\g2o\apps\g2o_simulator\sensor_pointxyz.cpp ..\..\..\..\g2o\g2o\apps\g2o_simulator\sensor_pointxyz_disparity.cpp ..\..\..\..\g2o\g2o\apps\g2o_simulator\sensor_pointxyz_depth.cpp ..\..\..\..\g2o\g2o\apps\g2o_simulator\sensor_se3_prior.cpp
         simulator.cpp
         pointsensorparameters.cpp
         sensor_odometry2d.cpp
         sensor_pose2d.cpp
         sensor_pointxy.cpp
         sensor_pointxy_bearing.cpp
         sensor_pointxy_offset.cpp
         simutils.cpp
         sensor_segment2d.cpp
         sensor_segment2d_line.cpp
         sensor_segment2d_pointline.cpp
         sensor_odometry3d.cpp
         sensor_pose3d.cpp
         sensor_pose3d_offset.cpp
         sensor_pointxyz.cpp
         sensor_pointxyz_disparity.cpp
         sensor_pointxyz_depth.cpp
         sensor_se3_prior.cpp
         正在生成代码...
       Link:
         C:\Program Files (x86)\Microsoft Visual Studio 10.0\VC\bin\link.exe /ERRORREPORT:PROMPT /OUT:"D:\CodeBase\IisuVR\ORB_SLAM_vs2010_x86\g2o\bin\Release\g2o_simulator.dll" /INCREMENTAL:NO /NOLOGO kernel32.lib user32.lib gdi32.lib winspool.lib shell32.lib ole32.lib oleaut32.lib uuid.lib comdlg32.lib advapi32.lib D:\CodeBase\IisuVR\ORB_SLAM_vs2010_x86\g2o\bin\Release\g2o_types_slam3d_addons.lib D:\CodeBase\IisuVR\ORB_SLAM_vs2010_x86\g2o\bin\Release\g2o_types_slam3d.lib D:\CodeBase\IisuVR\ORB_SLAM_vs2010_x86\g2o\bin\Release\g2o_types_slam2d_addons.lib D:\CodeBase\IisuVR\ORB_SLAM_vs2010_x86\g2o\bin\Release\g2o_types_slam2d.lib D:\CodeBase\IisuVR\ORB_SLAM_vs2010_x86\g2o\bin\Release\g2o_core.lib D:\CodeBase\IisuVR\ORB_SLAM_vs2010_x86\g2o\bin\Release\g2o_opengl_helper.lib glu32.lib D:\CodeBase\IisuVR\ORB_SLAM_vs2010_x86\g2o\bin\Release\g2o_stuff.lib opengl32.lib /MANIFEST /ManifestFile:"g2o_simulator_library.dir\Release\g2o_simulator.dll.intermediate.manifest" /MANIFESTUAC:"level='asInvoker' uiAccess='false'" /PDB:"D:/CodeBase/IisuVR/ORB_SLAM_vs2010_x86/g2o/bin/Release/g2o_simulator.pdb" /SUBSYSTEM:CONSOLE /TLBID:1 /DYNAMICBASE /NXCOMPAT /IMPLIB:"D:/CodeBase/IisuVR/ORB_SLAM_vs2010_x86/g2o/bin/Release/g2o_simulator.lib" /MACHINE:X86 /DLL g2o_simulator_library.dir\Release\simulator.obj
         g2o_simulator_library.dir\Release\pointsensorparameters.obj
         g2o_simulator_library.dir\Release\sensor_odometry2d.obj
         g2o_simulator_library.dir\Release\sensor_pose2d.obj
         g2o_simulator_library.dir\Release\sensor_pointxy.obj
         g2o_simulator_library.dir\Release\sensor_pointxy_bearing.obj
         g2o_simulator_library.dir\Release\sensor_pointxy_offset.obj
         g2o_simulator_library.dir\Release\simutils.obj
         g2o_simulator_library.dir\Release\sensor_segment2d.obj
         g2o_simulator_library.dir\Release\sensor_segment2d_line.obj
         g2o_simulator_library.dir\Release\sensor_segment2d_pointline.obj
         g2o_simulator_library.dir\Release\sensor_odometry3d.obj
         g2o_simulator_library.dir\Release\sensor_pose3d.obj
         g2o_simulator_library.dir\Release\sensor_pose3d_offset.obj
         g2o_simulator_library.dir\Release\sensor_pointxyz.obj
         g2o_simulator_library.dir\Release\sensor_pointxyz_disparity.obj
         g2o_simulator_library.dir\Release\sensor_pointxyz_depth.obj
         g2o_simulator_library.dir\Release\sensor_se3_prior.obj  /machine:X86 
     1>LINK : fatal error LNK1181: 无法打开输入文件“D:\CodeBase\IisuVR\ORB_SLAM_vs2010_x86\g2o\bin\Release\g2o_types_slam2d_addons.lib”
     1>已完成生成项目“D:\CodeBase\IisuVR\ORB_SLAM_vs2010_x86\g2oX86Vs10\g2o\apps\g2o_simulator\g2o_simulator_library.vcxproj”(build 个目标)的操作 - 失败。

生成失败。

已用时间 00:23:33.66
