生成启动时间为 2016/1/12 11:08:54。
     1>项目“D:\CodeBase\IisuVR\ORB_SLAM_vs2012_x64-MDd\Build\Win\ORBSLAM\ORBSLAM\ORBSLAM.vcxproj”在节点 2 上(Build 个目标)。
     1>InitializeBuildStatus:
         正在对“x64\Release\ORBSLAM.unsuccessfulbuild”执行 Touch 任务。
       ClCompile:
         C:\Program Files (x86)\Microsoft Visual Studio 11.0\VC\bin\x86_amd64\CL.exe /c /I..\..\..\..\DBoW2_orbslam\DBoW2 /I..\..\..\..\DBoW2_orbslam\DUtils /I..\..\..\..\g2o /I"..\..\..\..\g2o\cholmod-4.0.0\include" /I"C:\Program Files\PCL 1.7.2\include\pcl-1.7" /I"C:\Program Files\PCL 1.7.2\3rdParty\Boost\include\boost-1_57" /I"C:\Program Files\PCL 1.7.2\3rdParty\Eigen\eigen3" /I"C:\Program Files\PCL 1.7.2\3rdParty\FLANN\include" /I"C:\Program Files\PCL 1.7.2\3rdParty\QHull\include" /I"C:\Program Files\PCL 1.7.2\3rdParty\VTK\include\vtk-6.2" /IE:\opencv2411\opencv\mybuild_VC11_64\install\include /Zi /nologo /W3 /WX- /sdl /O2 /Oi /GL /D _CRT_SECURE_NO_WARNINGS /D WIN32 /D NDEBUG /D _CONSOLE /D _WINDOWS /D _MBCS /Gm- /EHsc /MD /GS /Gy /fp:precise /Zc:wchar_t /Zc:forScope /Fo"x64\Release\\" /Fd"x64\Release\vc110.pdb" /Gd /TP /errorReport:prompt ..\..\..\..\source\FramePublisher.cpp
         FramePublisher.cpp
     1>C:\Tools\PCL1.7.2Vc11X64\include\pcl-1.7\pcl/point_traits.h : warning C4819: 该文件包含不能在当前代码页(936)中表示的字符。请将该文件保存为 Unicode 格式以防止数据丢失
     1>d:\codebase\iisuvr\orb_slam_vs2012_x64-mdd\source\Tracking.h : warning C4819: 该文件包含不能在当前代码页(936)中表示的字符。请将该文件保存为 Unicode 格式以防止数据丢失
       Link:
         C:\Program Files (x86)\Microsoft Visual Studio 11.0\VC\bin\x86_amd64\link.exe /ERRORREPORT:PROMPT /OUT:"D:\CodeBase\IisuVR\ORB_SLAM_vs2012_x64-MDd\Build\Win\ORBSLAM\x64\Release\ORBSLAM.exe" /INCREMENTAL:NO /NOLOGO /LIBPATH:..\..\..\..\g2o\bin\Release /LIBPATH:"..\..\..\..\g2o\cholmod-4.0.0\lib\win64" /LIBPATH:..\..\..\..\DBoW2_orbslam\lib\Release /LIBPATH:"C:\Program Files\PCL 1.7.2\lib" /LIBPATH:"C:\Program Files\PCL 1.7.2\3rdParty\Boost\lib" /LIBPATH:"C:\Program Files\PCL 1.7.2\3rdParty\FLANN\lib" /LIBPATH:"C:\Program Files\PCL 1.7.2\3rdParty\QHull\lib" /LIBPATH:"C:\Program Files\PCL 1.7.2\3rdParty\VTK\lib" /LIBPATH:E:\opencv2411\opencv\mybuild_VC11_64\install\x64\vc11\lib g2o_core.lib g2o_solver_dense.lib g2o_stuff.lib g2o_types_slam3d.lib g2o_types_sba.lib g2o_types_sim3.lib libamd.lib libcamd.lib libccolamd.lib libcholmod.lib libcolamd.lib libmetis.lib libopenblas.lib SuiteSparse_config.lib DBoW2.lib opencv_calib3d2410.lib opencv_core2410.lib opencv_features2d2410.lib opencv_flann2410.lib opencv_highgui2410.lib opencv_imgproc2410d.lib pcl_common_release.lib pcl_io_release.lib pcl_io_ply_release.lib pcl_visualization_release.lib pcl_features_release.lib pcl_filters_release.lib pcl_kdtree_release.lib pcl_keypoints_release.lib pcl_octree_release.lib pcl_outofcore_release.lib pcl_people_release.lib pcl_recognition_release.lib pcl_registration_release.lib pcl_sample_consensus_release.lib pcl_search_release.lib pcl_segmentation_release.lib pcl_surface_release.lib pcl_tracking_release.lib "libboost_atomic-vc110-mt-1_57.lib" "libboost_chrono-vc110-mt-1_57.lib" "libboost_container-vc110-mt-1_57.lib" "libboost_context-vc110-mt-1_57.lib" "libboost_coroutine-vc110-mt-1_57.lib" "libboost_date_time-vc110-mt-1_57.lib" "libboost_exception-vc110-mt-1_57.lib" "libboost_filesystem-vc110-mt-1_57.lib" "libboost_graph-vc110-mt-1_57.lib" "libboost_iostreams-vc110-mt-1_57.lib" "libboost_locale-vc110-mt-1_57.lib" "libboost_log-vc110-mt-1_57.lib" "libboost_log_setup-vc110-mt-1_57.lib" "libboost_math_c99-vc110-mt-1_57.lib" "libboost_math_c99f-vc110-mt-1_57.lib" "libboost_math_c99l-vc110-mt-1_57.lib" "libboost_math_tr1-vc110-mt-1_57.lib" "libboost_math_tr1f-vc110-mt-1_57.lib" "libboost_math_tr1l-vc110-mt-1_57.lib" "libboost_mpi-vc110-mt-1_57.lib" "libboost_prg_exec_monitor-vc110-mt-1_57.lib" "libboost_program_options-vc110-mt-1_57.lib" "libboost_random-vc110-mt-1_57.lib" "libboost_regex-vc110-mt-1_57.lib" "libboost_serialization-vc110-mt-1_57.lib" "libboost_signals-vc110-mt-1_57.lib" "libboost_system-vc110-mt-1_57.lib" "libboost_test_exec_monitor-vc110-mt-1_57.lib" "libboost_thread-vc110-mt-1_57.lib" "libboost_timer-vc110-mt-1_57.lib" "libboost_unit_test_framework-vc110-mt-1_57.lib" "libboost_wave-vc110-mt-1_57.lib" "libboost_wserialization-vc110-mt-1_57.lib" flann_cpp_s.lib qhullstatic.lib "vtkalglib-6.2.lib" "vtkChartsCore-6.2.lib" "vtkCommonColor-6.2.lib" "vtkCommonComputationalGeometry-6.2.lib" "vtkCommonCore-6.2.lib" "vtkCommonDataModel-6.2.lib" "vtkCommonExecutionModel-6.2.lib" "vtkCommonMath-6.2.lib" "vtkCommonMisc-6.2.lib" "vtkCommonSystem-6.2.lib" "vtkCommonTransforms-6.2.lib" "vtkDICOMParser-6.2.lib" "vtkDomainsChemistry-6.2.lib" "vtkexoIIc-6.2.lib" "vtkexpat-6.2.lib" "vtkFiltersAMR-6.2.lib" "vtkFiltersCore-6.2.lib" "vtkFiltersExtraction-6.2.lib" "vtkFiltersFlowPaths-6.2.lib" "vtkFiltersGeneral-6.2.lib" "vtkFiltersGeneric-6.2.lib" "vtkFiltersGeometry-6.2.lib" "vtkFiltersHybrid-6.2.lib" "vtkFiltersHyperTree-6.2.lib" "vtkFiltersImaging-6.2.lib" "vtkFiltersModeling-6.2.lib" "vtkFiltersParallel-6.2.lib" "vtkFiltersParallelImaging-6.2.lib" "vtkFiltersProgrammable-6.2.lib" "vtkFiltersSelection-6.2.lib" "vtkFiltersSMP-6.2.lib" "vtkFiltersSources-6.2.lib" "vtkFiltersStatistics-6.2.lib" "vtkFiltersTexture-6.2.lib" "vtkFiltersVerdict-6.2.lib" "vtkfreetype-6.2.lib" "vtkftgl-6.2.lib" "vtkGeovisCore-6.2.lib" "vtkgl2ps-6.2.lib" "vtkhdf5-6.2.lib" "vtkhdf5_hl-6.2.lib" "vtkImagingColor-6.2.lib" "vtkImagingCore-6.2.lib" "vtkImagingFourier-6.2.lib" "vtkImagingGeneral-6.2.lib" "vtkImagingHybrid-6.2.lib" "vtkImagingMath-6.2.lib" "vtkImagingMorphological-6.2.lib" "vtkImagingSources-6.2.lib" "vtkImagingStatistics-6.2.lib" "vtkImagingStencil-6.2.lib" "vtkInfovisCore-6.2.lib" "vtkInfovisLayout-6.2.lib" "vtkInteractionImage-6.2.lib" "vtkInteractionStyle-6.2.lib" "vtkInteractionWidgets-6.2.lib" "vtkIOAMR-6.2.lib" "vtkIOCore-6.2.lib" "vtkIOEnSight-6.2.lib" "vtkIOExodus-6.2.lib" "vtkIOExport-6.2.lib" "vtkIOGeometry-6.2.lib" "vtkIOImage-6.2.lib" "vtkIOImport-6.2.lib" "vtkIOInfovis-6.2.lib" "vtkIOLegacy-6.2.lib" "vtkIOLSDyna-6.2.lib" "vtkIOMINC-6.2.lib" "vtkIOMovie-6.2.lib" "vtkIONetCDF-6.2.lib" "vtkIOParallel-6.2.lib" "vtkIOParallelXML-6.2.lib" "vtkIOPLY-6.2.lib" "vtkIOSQL-6.2.lib" "vtkIOVideo-6.2.lib" "vtkIOXML-6.2.lib" "vtkIOXMLParser-6.2.lib" "vtkjpeg-6.2.lib" "vtkjsoncpp-6.2.lib" "vtklibxml2-6.2.lib" "vtkmetaio-6.2.lib" "vtkNetCDF-6.2.lib" "vtkNetCDF_cxx-6.2.lib" "vtkoggtheora-6.2.lib" "vtkParallelCore-6.2.lib" "vtkpng-6.2.lib" "vtkproj4-6.2.lib" "vtkRenderingAnnotation-6.2.lib" "vtkRenderingContext2D-6.2.lib" "vtkRenderingContextOpenGL-6.2.lib" "vtkRenderingCore-6.2.lib" "vtkRenderingFreeType-6.2.lib" "vtkRenderingFreeTypeOpenGL-6.2.lib" "vtkRenderingGL2PS-6.2.lib" "vtkRenderingImage-6.2.lib" "vtkRenderingLabel-6.2.lib" "vtkRenderingLIC-6.2.lib" "vtkRenderingLOD-6.2.lib" "vtkRenderingOpenGL-6.2.lib" "vtkRenderingVolume-6.2.lib" "vtkRenderingVolumeOpenGL-6.2.lib" "vtksqlite-6.2.lib" "vtksys-6.2.lib" "vtktiff-6.2.lib" "vtkverdict-6.2.lib" "vtkViewsContext2D-6.2.lib" "vtkViewsCore-6.2.lib" "vtkViewsInfovis-6.2.lib" "vtkzlib-6.2.lib" opencv_imgproc2410.lib opencv_ml2410.lib opencv_objdetect2410.lib opencv_photo2410.lib opencv_stitching2410.lib opencv_superres2410.lib opencv_ts2410.lib opencv_video2410.lib opencv_videostab2410.lib kernel32.lib user32.lib gdi32.lib winspool.lib comdlg32.lib advapi32.lib shell32.lib ole32.lib oleaut32.lib uuid.lib odbc32.lib odbccp32.lib /MANIFEST /MANIFESTUAC:"level='asInvoker' uiAccess='false'" /manifest:embed /DEBUG /PDB:"D:\CodeBase\IisuVR\ORB_SLAM_vs2012_x64-MDd\Build\Win\ORBSLAM\x64\Release\ORBSLAM.pdb" /SUBSYSTEM:CONSOLE /OPT:REF /OPT:ICF /LTCG /TLBID:1 /DYNAMICBASE /NXCOMPAT /IMPLIB:"D:\CodeBase\IisuVR\ORB_SLAM_vs2012_x64-MDd\Build\Win\ORBSLAM\x64\Release\ORBSLAM.lib" /MACHINE:X64 x64\Release\ComputeScale.obj
         x64\Release\Converter.obj
         x64\Release\Frame.obj
         x64\Release\FramePublisher.obj
         x64\Release\Initializer.obj
         x64\Release\KeyFrame.obj
         x64\Release\KeyFrameDatabase.obj
         x64\Release\LocalMapping.obj
         x64\Release\LoopClosing.obj
         x64\Release\Map.obj
         x64\Release\MapPoint.obj
         x64\Release\MapPublisher.obj
         x64\Release\Monoslam_test.obj
         x64\Release\Optimizer.obj
         x64\Release\ORBextractor.obj
         x64\Release\ORBmatcher.obj
         x64\Release\PnPsolver.obj
         x64\Release\ShowTrajectory.obj
         x64\Release\Sim3Solver.obj
         x64\Release\stdafx.obj
         x64\Release\Tracking.obj
         正在生成代码
         已完成代码的生成
         ORBSLAM.vcxproj -> D:\CodeBase\IisuVR\ORB_SLAM_vs2012_x64-MDd\Build\Win\ORBSLAM\x64\Release\ORBSLAM.exe
       FinalizeBuildStatus:
         正在删除文件“x64\Release\ORBSLAM.unsuccessfulbuild”。
         正在对“x64\Release\ORBSLAM.lastbuildstate”执行 Touch 任务。
     1>已完成生成项目“D:\CodeBase\IisuVR\ORB_SLAM_vs2012_x64-MDd\Build\Win\ORBSLAM\ORBSLAM\ORBSLAM.vcxproj”(Build 个目标)的操作。

生成成功。

已用时间 00:25:19.69
