生成启动时间为 2016/1/11 13:52:18。
     1>项目“D:\CodeBase\IisuVR\ORB_SLAM_vs2010_x86\g2oX86Vs10\g2o\examples\tutorial_slam2d\tutorial_slam2d_library.vcxproj”在节点 2 上(build 个目标)。
     1>InitializeBuildStatus:
         正在创建“tutorial_slam2d_library.dir\Debug\tutorial_slam2d_library.unsuccessfulbuild”，因为已指定“AlwaysCreate”。
       CustomBuild:
         Building Custom Rule D:/CodeBase/IisuVR/ORB_SLAM_vs2010_x86/g2o/g2o/examples/tutorial_slam2d/CMakeLists.txt
         CMake does not need to re-run because D:\CodeBase\IisuVR\ORB_SLAM_vs2010_x86\g2oX86Vs10\g2o\examples\tutorial_slam2d\CMakeFiles\generate.stamp is up-to-date.
       MakeDirsForCl:
         正在创建目录“D:\CodeBase\IisuVR\ORB_SLAM_vs2010_x86\g2oX86Vs10\g2o\examples\tutorial_slam2d\Debug”。
       ClCompile:
         C:\Program Files (x86)\Microsoft Visual Studio 10.0\VC\bin\CL.exe /c /ID:\CodeBase\IisuVR\ORB_SLAM_vs2010_x86\g2o /IC:\Tools\Eigen\include /ID:\CodeBase\IisuVR\ORB_SLAM_vs2010_x86\g2oX86Vs10 /ID:\CodeBase\IisuVR\ORB_SLAM_vs2010_x86\g2o\EXTERNAL\csparse /Zi /nologo /W3 /WX- /Od /Ob2 /Oy- /D WIN32 /D _WINDOWS /D _DEBUG /D WINDOWS /D NOMINMAX /D _USE_MATH_DEFINES /D _CRT_SECURE_NO_WARNINGS=1 /D "CMAKE_INTDIR=\"Debug\"" /D tutorial_slam2d_library_EXPORTS /D _WINDLL /D _MBCS /Gm- /EHsc /RTC1 /MDd /GS /arch:SSE2 /fp:precise /Zc:wchar_t /Zc:forScope /GR /Fo"tutorial_slam2d_library.dir\Debug\\" /Fd"tutorial_slam2d_library.dir\Debug\vc100.pdb" /Gd /TP /wd4251 /wd4244 /wd4267 /wd4522 /analyze- /errorReport:prompt ..\..\..\..\g2o\g2o\examples\tutorial_slam2d\edge_se2_pointxy.cpp ..\..\..\..\g2o\g2o\examples\tutorial_slam2d\edge_se2.cpp ..\..\..\..\g2o\g2o\examples\tutorial_slam2d\vertex_se2.cpp ..\..\..\..\g2o\g2o\examples\tutorial_slam2d\vertex_point_xy.cpp ..\..\..\..\g2o\g2o\examples\tutorial_slam2d\parameter_se2_offset.cpp ..\..\..\..\g2o\g2o\examples\tutorial_slam2d\types_tutorial_slam2d.cpp ..\..\..\..\g2o\g2o\examples\tutorial_slam2d\simulator.cpp
         edge_se2_pointxy.cpp
         edge_se2.cpp
         vertex_se2.cpp
         vertex_point_xy.cpp
         parameter_se2_offset.cpp
         types_tutorial_slam2d.cpp
         simulator.cpp
         正在生成代码...
       ManifestResourceCompile:
         C:\Program Files (x86)\Microsoft SDKs\Windows\v7.0A\bin\rc.exe /nologo /fo"tutorial_slam2d_library.dir\Debug\g2o_tutorial_slam2d_d.dll.embed.manifest.res" tutorial_slam2d_library.dir\Debug\g2o_tutorial_slam2d_d_manifest.rc 
       Link:
         C:\Program Files (x86)\Microsoft Visual Studio 10.0\VC\bin\link.exe /ERRORREPORT:PROMPT /OUT:"D:\CodeBase\IisuVR\ORB_SLAM_vs2010_x86\g2o\bin\Debug\g2o_tutorial_slam2d_d.dll" /INCREMENTAL /NOLOGO kernel32.lib user32.lib gdi32.lib winspool.lib shell32.lib ole32.lib oleaut32.lib uuid.lib comdlg32.lib advapi32.lib D:\CodeBase\IisuVR\ORB_SLAM_vs2010_x86\g2o\bin\Debug\g2o_solver_csparse_d.lib D:\CodeBase\IisuVR\ORB_SLAM_vs2010_x86\g2o\bin\Debug\g2o_core_d.lib D:\CodeBase\IisuVR\ORB_SLAM_vs2010_x86\g2o\bin\Debug\g2o_stuff_d.lib D:\CodeBase\IisuVR\ORB_SLAM_vs2010_x86\g2o\bin\Debug\g2o_csparse_extension_d.lib D:\CodeBase\IisuVR\ORB_SLAM_vs2010_x86\g2o\bin\Debug\g2o_ext_csparse_d.lib /MANIFEST /ManifestFile:"tutorial_slam2d_library.dir\Debug\g2o_tutorial_slam2d_d.dll.intermediate.manifest" /MANIFESTUAC:"level='asInvoker' uiAccess='false'" /DEBUG /PDB:"D:/CodeBase/IisuVR/ORB_SLAM_vs2010_x86/g2o/bin/Debug/g2o_tutorial_slam2d_d.pdb" /SUBSYSTEM:CONSOLE /TLBID:1 /DYNAMICBASE /NXCOMPAT /IMPLIB:"D:/CodeBase/IisuVR/ORB_SLAM_vs2010_x86/g2o/bin/Debug/g2o_tutorial_slam2d_d.lib" /MACHINE:X86 /DLL tutorial_slam2d_library.dir\Debug\g2o_tutorial_slam2d_d.dll.embed.manifest.res
         tutorial_slam2d_library.dir\Debug\edge_se2_pointxy.obj
         tutorial_slam2d_library.dir\Debug\edge_se2.obj
         tutorial_slam2d_library.dir\Debug\vertex_se2.obj
         tutorial_slam2d_library.dir\Debug\vertex_point_xy.obj
         tutorial_slam2d_library.dir\Debug\parameter_se2_offset.obj
         tutorial_slam2d_library.dir\Debug\types_tutorial_slam2d.obj
         tutorial_slam2d_library.dir\Debug\simulator.obj  /machine:X86 /debug 
            正在创建库 D:/CodeBase/IisuVR/ORB_SLAM_vs2010_x86/g2o/bin/Debug/g2o_tutorial_slam2d_d.lib 和对象 D:/CodeBase/IisuVR/ORB_SLAM_vs2010_x86/g2o/bin/Debug/g2o_tutorial_slam2d_d.exp
       Manifest:
         C:\Program Files (x86)\Microsoft SDKs\Windows\v7.0A\bin\mt.exe /nologo /verbose /out:"tutorial_slam2d_library.dir\Debug\g2o_tutorial_slam2d_d.dll.embed.manifest" /manifest tutorial_slam2d_library.dir\Debug\g2o_tutorial_slam2d_d.dll.intermediate.manifest
         C:\Program Files (x86)\Microsoft SDKs\Windows\v7.0A\bin\rc.exe /nologo /fo"tutorial_slam2d_library.dir\Debug\g2o_tutorial_slam2d_d.dll.embed.manifest.res" tutorial_slam2d_library.dir\Debug\g2o_tutorial_slam2d_d_manifest.rc 
       LinkEmbedManifest:
         C:\Program Files (x86)\Microsoft Visual Studio 10.0\VC\bin\link.exe /ERRORREPORT:PROMPT /OUT:"D:\CodeBase\IisuVR\ORB_SLAM_vs2010_x86\g2o\bin\Debug\g2o_tutorial_slam2d_d.dll" /INCREMENTAL /NOLOGO kernel32.lib user32.lib gdi32.lib winspool.lib shell32.lib ole32.lib oleaut32.lib uuid.lib comdlg32.lib advapi32.lib D:\CodeBase\IisuVR\ORB_SLAM_vs2010_x86\g2o\bin\Debug\g2o_solver_csparse_d.lib D:\CodeBase\IisuVR\ORB_SLAM_vs2010_x86\g2o\bin\Debug\g2o_core_d.lib D:\CodeBase\IisuVR\ORB_SLAM_vs2010_x86\g2o\bin\Debug\g2o_stuff_d.lib D:\CodeBase\IisuVR\ORB_SLAM_vs2010_x86\g2o\bin\Debug\g2o_csparse_extension_d.lib D:\CodeBase\IisuVR\ORB_SLAM_vs2010_x86\g2o\bin\Debug\g2o_ext_csparse_d.lib /MANIFEST /ManifestFile:"tutorial_slam2d_library.dir\Debug\g2o_tutorial_slam2d_d.dll.intermediate.manifest" /MANIFESTUAC:"level='asInvoker' uiAccess='false'" /DEBUG /PDB:"D:/CodeBase/IisuVR/ORB_SLAM_vs2010_x86/g2o/bin/Debug/g2o_tutorial_slam2d_d.pdb" /SUBSYSTEM:CONSOLE /TLBID:1 /DYNAMICBASE /NXCOMPAT /IMPLIB:"D:/CodeBase/IisuVR/ORB_SLAM_vs2010_x86/g2o/bin/Debug/g2o_tutorial_slam2d_d.lib" /MACHINE:X86 /DLL tutorial_slam2d_library.dir\Debug\g2o_tutorial_slam2d_d.dll.embed.manifest.res
         tutorial_slam2d_library.dir\Debug\edge_se2_pointxy.obj
         tutorial_slam2d_library.dir\Debug\edge_se2.obj
         tutorial_slam2d_library.dir\Debug\vertex_se2.obj
         tutorial_slam2d_library.dir\Debug\vertex_point_xy.obj
         tutorial_slam2d_library.dir\Debug\parameter_se2_offset.obj
         tutorial_slam2d_library.dir\Debug\types_tutorial_slam2d.obj
         tutorial_slam2d_library.dir\Debug\simulator.obj  /machine:X86 /debug 
            正在创建库 D:/CodeBase/IisuVR/ORB_SLAM_vs2010_x86/g2o/bin/Debug/g2o_tutorial_slam2d_d.lib 和对象 D:/CodeBase/IisuVR/ORB_SLAM_vs2010_x86/g2o/bin/Debug/g2o_tutorial_slam2d_d.exp
         tutorial_slam2d_library.vcxproj -> D:\CodeBase\IisuVR\ORB_SLAM_vs2010_x86\g2o\bin\Debug\g2o_tutorial_slam2d_d.dll
       FinalizeBuildStatus:
         正在删除文件“tutorial_slam2d_library.dir\Debug\tutorial_slam2d_library.unsuccessfulbuild”。
         正在对“tutorial_slam2d_library.dir\Debug\tutorial_slam2d_library.lastbuildstate”执行 Touch 任务。
     1>已完成生成项目“D:\CodeBase\IisuVR\ORB_SLAM_vs2010_x86\g2oX86Vs10\g2o\examples\tutorial_slam2d\tutorial_slam2d_library.vcxproj”(build 个目标)的操作。

生成成功。

已用时间 00:38:28.95
